Analysis & Synthesis report for Shameem_03_23_22_LPMAddSub
Tue Mar 22 16:08:37 2022
Quartus Prime Version 20.1.1 Build 720 11/11/2020 SJ Lite Edition


---------------------
; Table of Contents ;
---------------------
  1. Legal Notice
  2. Analysis & Synthesis Summary
  3. Analysis & Synthesis Settings
  4. Parallel Compilation
  5. Analysis & Synthesis Source Files Read
  6. Analysis & Synthesis Resource Usage Summary
  7. Analysis & Synthesis Resource Utilization by Entity
  8. Analysis & Synthesis RAM Summary
  9. Analysis & Synthesis IP Cores Summary
 10. General Register Statistics
 11. Source assignments for Shameem_03_23_22_DataMemory:Shameem_03_23_22_DataA|altsyncram:altsyncram_component|altsyncram_ss34:auto_generated
 12. Source assignments for Shameem_03_23_22_DataMemory:Shameem_03_23_22_DataB|altsyncram:altsyncram_component|altsyncram_ss34:auto_generated
 13. Parameter Settings for User Entity Instance: Shameem_03_23_22_DataMemory:Shameem_03_23_22_DataA|altsyncram:altsyncram_component
 14. Parameter Settings for User Entity Instance: Shameem_03_23_22_DataMemory:Shameem_03_23_22_DataB|altsyncram:altsyncram_component
 15. Parameter Settings for User Entity Instance: Shameem_03_23_22_LPMAddSub:Shameem_03_23_22_Math|lpm_add_sub:LPM_ADD_SUB_component
 16. altsyncram Parameter Settings by Entity Instance
 17. Port Connectivity Checks: "Shameem_03_23_22_DataMemory:Shameem_03_23_22_DataB"
 18. Port Connectivity Checks: "Shameem_03_23_22_DataMemory:Shameem_03_23_22_DataA"
 19. Post-Synthesis Netlist Statistics for Top Partition
 20. Elapsed Time Per Partition
 21. Analysis & Synthesis Messages



----------------
; Legal Notice ;
----------------
Copyright (C) 2020  Intel Corporation. All rights reserved.
Your use of Intel Corporation's design tools, logic functions 
and other software and tools, and any partner logic 
functions, and any output files from any of the foregoing 
(including device programming or simulation files), and any 
associated documentation or information are expressly subject 
to the terms and conditions of the Intel Program License 
Subscription Agreement, the Intel Quartus Prime License Agreement,
the Intel FPGA IP License Agreement, or other applicable license
agreement, including, without limitation, that your use is for
the sole purpose of programming logic devices manufactured by
Intel and sold by Intel or its authorized distributors.  Please
refer to the applicable agreement for further details, at
https://fpgasoftware.intel.com/eula.



+-------------------------------------------------------------------------------+
; Analysis & Synthesis Summary                                                  ;
+---------------------------------+---------------------------------------------+
; Analysis & Synthesis Status     ; Successful - Tue Mar 22 16:08:37 2022       ;
; Quartus Prime Version           ; 20.1.1 Build 720 11/11/2020 SJ Lite Edition ;
; Revision Name                   ; Shameem_03_23_22_LPMAddSub                  ;
; Top-level Entity Name           ; Shameem_03_23_22_LPMAddSubCircuit           ;
; Family                          ; Cyclone V                                   ;
; Logic utilization (in ALMs)     ; N/A                                         ;
; Total registers                 ; 0                                           ;
; Total pins                      ; 45                                          ;
; Total virtual pins              ; 0                                           ;
; Total block memory bits         ; 1,024                                       ;
; Total DSP Blocks                ; 0                                           ;
; Total HSSI RX PCSs              ; 0                                           ;
; Total HSSI PMA RX Deserializers ; 0                                           ;
; Total HSSI TX PCSs              ; 0                                           ;
; Total HSSI PMA TX Serializers   ; 0                                           ;
; Total PLLs                      ; 0                                           ;
; Total DLLs                      ; 0                                           ;
+---------------------------------+---------------------------------------------+


+--------------------------------------------------------------------------------------------------------------------------------------------------+
; Analysis & Synthesis Settings                                                                                                                    ;
+---------------------------------------------------------------------------------+-----------------------------------+----------------------------+
; Option                                                                          ; Setting                           ; Default Value              ;
+---------------------------------------------------------------------------------+-----------------------------------+----------------------------+
; Device                                                                          ; 5CGXFC7C7F23C8                    ;                            ;
; Top-level entity name                                                           ; Shameem_03_23_22_LPMAddSubCircuit ; Shameem_03_23_22_LPMAddSub ;
; Family name                                                                     ; Cyclone V                         ; Cyclone V                  ;
; Use smart compilation                                                           ; Off                               ; Off                        ;
; Enable parallel Assembler and Timing Analyzer during compilation                ; On                                ; On                         ;
; Enable compact report table                                                     ; Off                               ; Off                        ;
; Restructure Multiplexers                                                        ; Auto                              ; Auto                       ;
; MLAB Add Timing Constraints For Mixed-Port Feed-Through Mode Setting Don't Care ; Off                               ; Off                        ;
; Create Debugging Nodes for IP Cores                                             ; Off                               ; Off                        ;
; Preserve fewer node names                                                       ; On                                ; On                         ;
; Intel FPGA IP Evaluation Mode                                                   ; Enable                            ; Enable                     ;
; Verilog Version                                                                 ; Verilog_2001                      ; Verilog_2001               ;
; VHDL Version                                                                    ; VHDL_1993                         ; VHDL_1993                  ;
; State Machine Processing                                                        ; Auto                              ; Auto                       ;
; Safe State Machine                                                              ; Off                               ; Off                        ;
; Extract Verilog State Machines                                                  ; On                                ; On                         ;
; Extract VHDL State Machines                                                     ; On                                ; On                         ;
; Ignore Verilog initial constructs                                               ; Off                               ; Off                        ;
; Iteration limit for constant Verilog loops                                      ; 5000                              ; 5000                       ;
; Iteration limit for non-constant Verilog loops                                  ; 250                               ; 250                        ;
; Add Pass-Through Logic to Inferred RAMs                                         ; On                                ; On                         ;
; Infer RAMs from Raw Logic                                                       ; On                                ; On                         ;
; Parallel Synthesis                                                              ; On                                ; On                         ;
; DSP Block Balancing                                                             ; Auto                              ; Auto                       ;
; NOT Gate Push-Back                                                              ; On                                ; On                         ;
; Power-Up Don't Care                                                             ; On                                ; On                         ;
; Remove Redundant Logic Cells                                                    ; Off                               ; Off                        ;
; Remove Duplicate Registers                                                      ; On                                ; On                         ;
; Ignore CARRY Buffers                                                            ; Off                               ; Off                        ;
; Ignore CASCADE Buffers                                                          ; Off                               ; Off                        ;
; Ignore GLOBAL Buffers                                                           ; Off                               ; Off                        ;
; Ignore ROW GLOBAL Buffers                                                       ; Off                               ; Off                        ;
; Ignore LCELL Buffers                                                            ; Off                               ; Off                        ;
; Ignore SOFT Buffers                                                             ; On                                ; On                         ;
; Limit AHDL Integers to 32 Bits                                                  ; Off                               ; Off                        ;
; Optimization Technique                                                          ; Balanced                          ; Balanced                   ;
; Carry Chain Length                                                              ; 70                                ; 70                         ;
; Auto Carry Chains                                                               ; On                                ; On                         ;
; Auto Open-Drain Pins                                                            ; On                                ; On                         ;
; Perform WYSIWYG Primitive Resynthesis                                           ; Off                               ; Off                        ;
; Auto ROM Replacement                                                            ; On                                ; On                         ;
; Auto RAM Replacement                                                            ; On                                ; On                         ;
; Auto DSP Block Replacement                                                      ; On                                ; On                         ;
; Auto Shift Register Replacement                                                 ; Auto                              ; Auto                       ;
; Allow Shift Register Merging across Hierarchies                                 ; Auto                              ; Auto                       ;
; Auto Clock Enable Replacement                                                   ; On                                ; On                         ;
; Strict RAM Replacement                                                          ; Off                               ; Off                        ;
; Allow Synchronous Control Signals                                               ; On                                ; On                         ;
; Force Use of Synchronous Clear Signals                                          ; Off                               ; Off                        ;
; Auto Resource Sharing                                                           ; Off                               ; Off                        ;
; Allow Any RAM Size For Recognition                                              ; Off                               ; Off                        ;
; Allow Any ROM Size For Recognition                                              ; Off                               ; Off                        ;
; Allow Any Shift Register Size For Recognition                                   ; Off                               ; Off                        ;
; Use LogicLock Constraints during Resource Balancing                             ; On                                ; On                         ;
; Ignore translate_off and synthesis_off directives                               ; Off                               ; Off                        ;
; Timing-Driven Synthesis                                                         ; On                                ; On                         ;
; Report Parameter Settings                                                       ; On                                ; On                         ;
; Report Source Assignments                                                       ; On                                ; On                         ;
; Report Connectivity Checks                                                      ; On                                ; On                         ;
; Ignore Maximum Fan-Out Assignments                                              ; Off                               ; Off                        ;
; Synchronization Register Chain Length                                           ; 3                                 ; 3                          ;
; Power Optimization During Synthesis                                             ; Normal compilation                ; Normal compilation         ;
; HDL message level                                                               ; Level2                            ; Level2                     ;
; Suppress Register Optimization Related Messages                                 ; Off                               ; Off                        ;
; Number of Removed Registers Reported in Synthesis Report                        ; 5000                              ; 5000                       ;
; Number of Swept Nodes Reported in Synthesis Report                              ; 5000                              ; 5000                       ;
; Number of Inverted Registers Reported in Synthesis Report                       ; 100                               ; 100                        ;
; Clock MUX Protection                                                            ; On                                ; On                         ;
; Auto Gated Clock Conversion                                                     ; Off                               ; Off                        ;
; Block Design Naming                                                             ; Auto                              ; Auto                       ;
; SDC constraint protection                                                       ; Off                               ; Off                        ;
; Synthesis Effort                                                                ; Auto                              ; Auto                       ;
; Shift Register Replacement - Allow Asynchronous Clear Signal                    ; On                                ; On                         ;
; Pre-Mapping Resynthesis Optimization                                            ; Off                               ; Off                        ;
; Analysis & Synthesis Message Level                                              ; Medium                            ; Medium                     ;
; Disable Register Merging Across Hierarchies                                     ; Auto                              ; Auto                       ;
; Resource Aware Inference For Block RAM                                          ; On                                ; On                         ;
; Automatic Parallel Synthesis                                                    ; On                                ; On                         ;
; Partial Reconfiguration Bitstream ID                                            ; Off                               ; Off                        ;
+---------------------------------------------------------------------------------+-----------------------------------+----------------------------+


+------------------------------------------+
; Parallel Compilation                     ;
+----------------------------+-------------+
; Processors                 ; Number      ;
+----------------------------+-------------+
; Number detected on machine ; 16          ;
; Maximum allowed            ; 8           ;
;                            ;             ;
; Average used               ; 1.00        ;
; Maximum used               ; 1           ;
;                            ;             ;
; Usage by Processor         ; % Time Used ;
;     Processor 1            ; 100.0%      ;
+----------------------------+-------------+


+----------------------------------------------------------------------------------------------------------------------------------------------------------------------------------------------------------------------------------------------+
; Analysis & Synthesis Source Files Read                                                                                                                                                                                                       ;
+---------------------------------------+-----------------+----------------------------------+---------------------------------------------------------------------------------------------------------------------------------------+---------+
; File Name with User-Entered Path      ; Used in Netlist ; File Type                        ; File Name with Absolute Path                                                                                                          ; Library ;
+---------------------------------------+-----------------+----------------------------------+---------------------------------------------------------------------------------------------------------------------------------------+---------+
; Shameem_03_23_22_DataMemory.mif       ; yes             ; User Memory Initialization File  ; C:/Users/azwad/Documents/CS_343/Labs/Midterm Lab/Assignment 2/Shameem_03_23_22_LPMAddSubCircuit/Shameem_03_23_22_DataMemory.mif       ;         ;
; Shameem_03_23_22_DataMemory.vhd       ; yes             ; User Wizard-Generated File       ; C:/Users/azwad/Documents/CS_343/Labs/Midterm Lab/Assignment 2/Shameem_03_23_22_LPMAddSubCircuit/Shameem_03_23_22_DataMemory.vhd       ;         ;
; Shameem_03_23_22_LPMAddSub.vhd        ; yes             ; User Wizard-Generated File       ; C:/Users/azwad/Documents/CS_343/Labs/Midterm Lab/Assignment 2/Shameem_03_23_22_LPMAddSubCircuit/Shameem_03_23_22_LPMAddSub.vhd        ;         ;
; Shameem_03_23_22_LPMAddSubCircuit.vhd ; yes             ; User VHDL File                   ; C:/Users/azwad/Documents/CS_343/Labs/Midterm Lab/Assignment 2/Shameem_03_23_22_LPMAddSubCircuit/Shameem_03_23_22_LPMAddSubCircuit.vhd ;         ;
; altsyncram.tdf                        ; yes             ; Megafunction                     ; c:/users/azwad/documents/fpga/quartus/libraries/megafunctions/altsyncram.tdf                                                          ;         ;
; stratix_ram_block.inc                 ; yes             ; Megafunction                     ; c:/users/azwad/documents/fpga/quartus/libraries/megafunctions/stratix_ram_block.inc                                                   ;         ;
; lpm_mux.inc                           ; yes             ; Megafunction                     ; c:/users/azwad/documents/fpga/quartus/libraries/megafunctions/lpm_mux.inc                                                             ;         ;
; lpm_decode.inc                        ; yes             ; Megafunction                     ; c:/users/azwad/documents/fpga/quartus/libraries/megafunctions/lpm_decode.inc                                                          ;         ;
; aglobal201.inc                        ; yes             ; Megafunction                     ; c:/users/azwad/documents/fpga/quartus/libraries/megafunctions/aglobal201.inc                                                          ;         ;
; a_rdenreg.inc                         ; yes             ; Megafunction                     ; c:/users/azwad/documents/fpga/quartus/libraries/megafunctions/a_rdenreg.inc                                                           ;         ;
; altrom.inc                            ; yes             ; Megafunction                     ; c:/users/azwad/documents/fpga/quartus/libraries/megafunctions/altrom.inc                                                              ;         ;
; altram.inc                            ; yes             ; Megafunction                     ; c:/users/azwad/documents/fpga/quartus/libraries/megafunctions/altram.inc                                                              ;         ;
; altdpram.inc                          ; yes             ; Megafunction                     ; c:/users/azwad/documents/fpga/quartus/libraries/megafunctions/altdpram.inc                                                            ;         ;
; db/altsyncram_ss34.tdf                ; yes             ; Auto-Generated Megafunction      ; C:/Users/azwad/Documents/CS_343/Labs/Midterm Lab/Assignment 2/Shameem_03_23_22_LPMAddSubCircuit/db/altsyncram_ss34.tdf                ;         ;
; lpm_add_sub.tdf                       ; yes             ; Megafunction                     ; c:/users/azwad/documents/fpga/quartus/libraries/megafunctions/lpm_add_sub.tdf                                                         ;         ;
; addcore.inc                           ; yes             ; Megafunction                     ; c:/users/azwad/documents/fpga/quartus/libraries/megafunctions/addcore.inc                                                             ;         ;
; look_add.inc                          ; yes             ; Megafunction                     ; c:/users/azwad/documents/fpga/quartus/libraries/megafunctions/look_add.inc                                                            ;         ;
; bypassff.inc                          ; yes             ; Megafunction                     ; c:/users/azwad/documents/fpga/quartus/libraries/megafunctions/bypassff.inc                                                            ;         ;
; altshift.inc                          ; yes             ; Megafunction                     ; c:/users/azwad/documents/fpga/quartus/libraries/megafunctions/altshift.inc                                                            ;         ;
; alt_stratix_add_sub.inc               ; yes             ; Megafunction                     ; c:/users/azwad/documents/fpga/quartus/libraries/megafunctions/alt_stratix_add_sub.inc                                                 ;         ;
; db/add_sub_d6h.tdf                    ; yes             ; Auto-Generated Megafunction      ; C:/Users/azwad/Documents/CS_343/Labs/Midterm Lab/Assignment 2/Shameem_03_23_22_LPMAddSubCircuit/db/add_sub_d6h.tdf                    ;         ;
+---------------------------------------+-----------------+----------------------------------+---------------------------------------------------------------------------------------------------------------------------------------+---------+


+-----------------------------------------------------+
; Analysis & Synthesis Resource Usage Summary         ;
+---------------------------------------------+-------+
; Resource                                    ; Usage ;
+---------------------------------------------+-------+
; Estimate of Logic utilization (ALMs needed) ; 24    ;
;                                             ;       ;
; Combinational ALUT usage for logic          ; 42    ;
;     -- 7 input functions                    ; 0     ;
;     -- 6 input functions                    ; 6     ;
;     -- 5 input functions                    ; 0     ;
;     -- 4 input functions                    ; 1     ;
;     -- <=3 input functions                  ; 35    ;
;                                             ;       ;
; Dedicated logic registers                   ; 0     ;
;                                             ;       ;
; I/O pins                                    ; 45    ;
; Total MLAB memory bits                      ; 0     ;
; Total block memory bits                     ; 1024  ;
;                                             ;       ;
; Total DSP Blocks                            ; 0     ;
;                                             ;       ;
; Maximum fan-out node                        ; ~GND  ;
; Maximum fan-out                             ; 64    ;
; Total fan-out                               ; 635   ;
; Average fan-out                             ; 3.24  ;
+---------------------------------------------+-------+


+----------------------------------------------------------------------------------------------------------------------------------------------------------------------------------------------------------------------------------------------------------------------------------------------------------------------------------------------------------------------------+
; Analysis & Synthesis Resource Utilization by Entity                                                                                                                                                                                                                                                                                                                        ;
+---------------------------------------------------------+---------------------+---------------------------+-------------------+------------+------+--------------+------------------------------------------------------------------------------------------------------------------------------------------------------+-----------------------------------+--------------+
; Compilation Hierarchy Node                              ; Combinational ALUTs ; Dedicated Logic Registers ; Block Memory Bits ; DSP Blocks ; Pins ; Virtual Pins ; Full Hierarchy Name                                                                                                                                  ; Entity Name                       ; Library Name ;
+---------------------------------------------------------+---------------------+---------------------------+-------------------+------------+------+--------------+------------------------------------------------------------------------------------------------------------------------------------------------------+-----------------------------------+--------------+
; |Shameem_03_23_22_LPMAddSubCircuit                      ; 42 (8)              ; 0 (0)                     ; 1024              ; 0          ; 45   ; 0            ; |Shameem_03_23_22_LPMAddSubCircuit                                                                                                                   ; Shameem_03_23_22_LPMAddSubCircuit ; work         ;
;    |Shameem_03_23_22_DataMemory:Shameem_03_23_22_DataA| ; 0 (0)               ; 0 (0)                     ; 512               ; 0          ; 0    ; 0            ; |Shameem_03_23_22_LPMAddSubCircuit|Shameem_03_23_22_DataMemory:Shameem_03_23_22_DataA                                                                ; Shameem_03_23_22_DataMemory       ; work         ;
;       |altsyncram:altsyncram_component|                 ; 0 (0)               ; 0 (0)                     ; 512               ; 0          ; 0    ; 0            ; |Shameem_03_23_22_LPMAddSubCircuit|Shameem_03_23_22_DataMemory:Shameem_03_23_22_DataA|altsyncram:altsyncram_component                                ; altsyncram                        ; work         ;
;          |altsyncram_ss34:auto_generated|               ; 0 (0)               ; 0 (0)                     ; 512               ; 0          ; 0    ; 0            ; |Shameem_03_23_22_LPMAddSubCircuit|Shameem_03_23_22_DataMemory:Shameem_03_23_22_DataA|altsyncram:altsyncram_component|altsyncram_ss34:auto_generated ; altsyncram_ss34                   ; work         ;
;    |Shameem_03_23_22_DataMemory:Shameem_03_23_22_DataB| ; 0 (0)               ; 0 (0)                     ; 512               ; 0          ; 0    ; 0            ; |Shameem_03_23_22_LPMAddSubCircuit|Shameem_03_23_22_DataMemory:Shameem_03_23_22_DataB                                                                ; Shameem_03_23_22_DataMemory       ; work         ;
;       |altsyncram:altsyncram_component|                 ; 0 (0)               ; 0 (0)                     ; 512               ; 0          ; 0    ; 0            ; |Shameem_03_23_22_LPMAddSubCircuit|Shameem_03_23_22_DataMemory:Shameem_03_23_22_DataB|altsyncram:altsyncram_component                                ; altsyncram                        ; work         ;
;          |altsyncram_ss34:auto_generated|               ; 0 (0)               ; 0 (0)                     ; 512               ; 0          ; 0    ; 0            ; |Shameem_03_23_22_LPMAddSubCircuit|Shameem_03_23_22_DataMemory:Shameem_03_23_22_DataB|altsyncram:altsyncram_component|altsyncram_ss34:auto_generated ; altsyncram_ss34                   ; work         ;
;    |Shameem_03_23_22_LPMAddSub:Shameem_03_23_22_Math|   ; 34 (0)              ; 0 (0)                     ; 0                 ; 0          ; 0    ; 0            ; |Shameem_03_23_22_LPMAddSubCircuit|Shameem_03_23_22_LPMAddSub:Shameem_03_23_22_Math                                                                  ; Shameem_03_23_22_LPMAddSub        ; work         ;
;       |lpm_add_sub:LPM_ADD_SUB_component|               ; 34 (0)              ; 0 (0)                     ; 0                 ; 0          ; 0    ; 0            ; |Shameem_03_23_22_LPMAddSubCircuit|Shameem_03_23_22_LPMAddSub:Shameem_03_23_22_Math|lpm_add_sub:LPM_ADD_SUB_component                                ; lpm_add_sub                       ; work         ;
;          |add_sub_d6h:auto_generated|                   ; 34 (34)             ; 0 (0)                     ; 0                 ; 0          ; 0    ; 0            ; |Shameem_03_23_22_LPMAddSubCircuit|Shameem_03_23_22_LPMAddSub:Shameem_03_23_22_Math|lpm_add_sub:LPM_ADD_SUB_component|add_sub_d6h:auto_generated     ; add_sub_d6h                       ; work         ;
+---------------------------------------------------------+---------------------+---------------------------+-------------------+------------+------+--------------+------------------------------------------------------------------------------------------------------------------------------------------------------+-----------------------------------+--------------+
Note: For table entries with two numbers listed, the numbers in parentheses indicate the number of resources of the given type used by the specific entity alone. The numbers listed outside of parentheses indicate the total resources of the given type used by the specific entity and all of its sub-entities in the hierarchy.


+--------------------------------------------------------------------------------------------------------------------------------------------------------------------------------------------------------------------------------------------------------------+
; Analysis & Synthesis RAM Summary                                                                                                                                                                                                                             ;
+------------------------------------------------------------------------------------------------------------------------------+------------+-------------+--------------+--------------+--------------+--------------+------+---------------------------------+
; Name                                                                                                                         ; Type       ; Mode        ; Port A Depth ; Port A Width ; Port B Depth ; Port B Width ; Size ; MIF                             ;
+------------------------------------------------------------------------------------------------------------------------------+------------+-------------+--------------+--------------+--------------+--------------+------+---------------------------------+
; Shameem_03_23_22_DataMemory:Shameem_03_23_22_DataA|altsyncram:altsyncram_component|altsyncram_ss34:auto_generated|ALTSYNCRAM ; M10K block ; Single Port ; 16           ; 32           ; --           ; --           ; 512  ; Shameem_03_23_22_DataMemory.mif ;
; Shameem_03_23_22_DataMemory:Shameem_03_23_22_DataB|altsyncram:altsyncram_component|altsyncram_ss34:auto_generated|ALTSYNCRAM ; M10K block ; Single Port ; 16           ; 32           ; --           ; --           ; 512  ; Shameem_03_23_22_DataMemory.mif ;
+------------------------------------------------------------------------------------------------------------------------------+------------+-------------+--------------+--------------+--------------+--------------+------+---------------------------------+


+-----------------------------------------------------------------------------------------------------------------------------------------------------------------------------------------+
; Analysis & Synthesis IP Cores Summary                                                                                                                                                   ;
+--------+--------------+---------+--------------+--------------+---------------------------------------------------------------------------------------+---------------------------------+
; Vendor ; IP Core Name ; Version ; Release Date ; License Type ; Entity Instance                                                                       ; IP Include File                 ;
+--------+--------------+---------+--------------+--------------+---------------------------------------------------------------------------------------+---------------------------------+
; Altera ; RAM: 1-PORT  ; 20.1    ; N/A          ; N/A          ; |Shameem_03_23_22_LPMAddSubCircuit|Shameem_03_23_22_DataMemory:Shameem_03_23_22_DataA ; Shameem_03_23_22_DataMemory.vhd ;
; Altera ; RAM: 1-PORT  ; 20.1    ; N/A          ; N/A          ; |Shameem_03_23_22_LPMAddSubCircuit|Shameem_03_23_22_DataMemory:Shameem_03_23_22_DataB ; Shameem_03_23_22_DataMemory.vhd ;
; Altera ; LPM_ADD_SUB  ; 20.1    ; N/A          ; N/A          ; |Shameem_03_23_22_LPMAddSubCircuit|Shameem_03_23_22_LPMAddSub:Shameem_03_23_22_Math   ; Shameem_03_23_22_LPMAddSub.vhd  ;
+--------+--------------+---------+--------------+--------------+---------------------------------------------------------------------------------------+---------------------------------+


+------------------------------------------------------+
; General Register Statistics                          ;
+----------------------------------------------+-------+
; Statistic                                    ; Value ;
+----------------------------------------------+-------+
; Total registers                              ; 0     ;
; Number of registers using Synchronous Clear  ; 0     ;
; Number of registers using Synchronous Load   ; 0     ;
; Number of registers using Asynchronous Clear ; 0     ;
; Number of registers using Asynchronous Load  ; 0     ;
; Number of registers using Clock Enable       ; 0     ;
; Number of registers using Preset             ; 0     ;
+----------------------------------------------+-------+


+------------------------------------------------------------------------------------------------------------------------------------------+
; Source assignments for Shameem_03_23_22_DataMemory:Shameem_03_23_22_DataA|altsyncram:altsyncram_component|altsyncram_ss34:auto_generated ;
+---------------------------------+--------------------+------+----------------------------------------------------------------------------+
; Assignment                      ; Value              ; From ; To                                                                         ;
+---------------------------------+--------------------+------+----------------------------------------------------------------------------+
; OPTIMIZE_POWER_DURING_SYNTHESIS ; NORMAL_COMPILATION ; -    ; -                                                                          ;
+---------------------------------+--------------------+------+----------------------------------------------------------------------------+


+------------------------------------------------------------------------------------------------------------------------------------------+
; Source assignments for Shameem_03_23_22_DataMemory:Shameem_03_23_22_DataB|altsyncram:altsyncram_component|altsyncram_ss34:auto_generated ;
+---------------------------------+--------------------+------+----------------------------------------------------------------------------+
; Assignment                      ; Value              ; From ; To                                                                         ;
+---------------------------------+--------------------+------+----------------------------------------------------------------------------+
; OPTIMIZE_POWER_DURING_SYNTHESIS ; NORMAL_COMPILATION ; -    ; -                                                                          ;
+---------------------------------+--------------------+------+----------------------------------------------------------------------------+


+---------------------------------------------------------------------------------------------------------------------------------+
; Parameter Settings for User Entity Instance: Shameem_03_23_22_DataMemory:Shameem_03_23_22_DataA|altsyncram:altsyncram_component ;
+------------------------------------+---------------------------------+----------------------------------------------------------+
; Parameter Name                     ; Value                           ; Type                                                     ;
+------------------------------------+---------------------------------+----------------------------------------------------------+
; BYTE_SIZE_BLOCK                    ; 8                               ; Untyped                                                  ;
; AUTO_CARRY_CHAINS                  ; ON                              ; AUTO_CARRY                                               ;
; IGNORE_CARRY_BUFFERS               ; OFF                             ; IGNORE_CARRY                                             ;
; AUTO_CASCADE_CHAINS                ; ON                              ; AUTO_CASCADE                                             ;
; IGNORE_CASCADE_BUFFERS             ; OFF                             ; IGNORE_CASCADE                                           ;
; WIDTH_BYTEENA                      ; 1                               ; Untyped                                                  ;
; OPERATION_MODE                     ; SINGLE_PORT                     ; Untyped                                                  ;
; WIDTH_A                            ; 32                              ; Signed Integer                                           ;
; WIDTHAD_A                          ; 4                               ; Signed Integer                                           ;
; NUMWORDS_A                         ; 16                              ; Signed Integer                                           ;
; OUTDATA_REG_A                      ; UNREGISTERED                    ; Untyped                                                  ;
; ADDRESS_ACLR_A                     ; NONE                            ; Untyped                                                  ;
; OUTDATA_ACLR_A                     ; NONE                            ; Untyped                                                  ;
; WRCONTROL_ACLR_A                   ; NONE                            ; Untyped                                                  ;
; INDATA_ACLR_A                      ; NONE                            ; Untyped                                                  ;
; BYTEENA_ACLR_A                     ; NONE                            ; Untyped                                                  ;
; WIDTH_B                            ; 1                               ; Signed Integer                                           ;
; WIDTHAD_B                          ; 1                               ; Signed Integer                                           ;
; NUMWORDS_B                         ; 0                               ; Signed Integer                                           ;
; INDATA_REG_B                       ; CLOCK1                          ; Untyped                                                  ;
; WRCONTROL_WRADDRESS_REG_B          ; CLOCK1                          ; Untyped                                                  ;
; RDCONTROL_REG_B                    ; CLOCK1                          ; Untyped                                                  ;
; ADDRESS_REG_B                      ; CLOCK1                          ; Untyped                                                  ;
; OUTDATA_REG_B                      ; UNREGISTERED                    ; Untyped                                                  ;
; BYTEENA_REG_B                      ; CLOCK1                          ; Untyped                                                  ;
; INDATA_ACLR_B                      ; NONE                            ; Untyped                                                  ;
; WRCONTROL_ACLR_B                   ; NONE                            ; Untyped                                                  ;
; ADDRESS_ACLR_B                     ; NONE                            ; Untyped                                                  ;
; OUTDATA_ACLR_B                     ; NONE                            ; Untyped                                                  ;
; RDCONTROL_ACLR_B                   ; NONE                            ; Untyped                                                  ;
; BYTEENA_ACLR_B                     ; NONE                            ; Untyped                                                  ;
; WIDTH_BYTEENA_A                    ; 1                               ; Signed Integer                                           ;
; WIDTH_BYTEENA_B                    ; 1                               ; Signed Integer                                           ;
; RAM_BLOCK_TYPE                     ; M10K                            ; Untyped                                                  ;
; BYTE_SIZE                          ; 8                               ; Signed Integer                                           ;
; READ_DURING_WRITE_MODE_MIXED_PORTS ; DONT_CARE                       ; Untyped                                                  ;
; READ_DURING_WRITE_MODE_PORT_A      ; NEW_DATA_NO_NBE_READ            ; Untyped                                                  ;
; READ_DURING_WRITE_MODE_PORT_B      ; NEW_DATA_NO_NBE_READ            ; Untyped                                                  ;
; INIT_FILE                          ; Shameem_03_23_22_DataMemory.mif ; Untyped                                                  ;
; INIT_FILE_LAYOUT                   ; PORT_A                          ; Untyped                                                  ;
; MAXIMUM_DEPTH                      ; 0                               ; Signed Integer                                           ;
; CLOCK_ENABLE_INPUT_A               ; BYPASS                          ; Untyped                                                  ;
; CLOCK_ENABLE_INPUT_B               ; NORMAL                          ; Untyped                                                  ;
; CLOCK_ENABLE_OUTPUT_A              ; BYPASS                          ; Untyped                                                  ;
; CLOCK_ENABLE_OUTPUT_B              ; NORMAL                          ; Untyped                                                  ;
; CLOCK_ENABLE_CORE_A                ; USE_INPUT_CLKEN                 ; Untyped                                                  ;
; CLOCK_ENABLE_CORE_B                ; USE_INPUT_CLKEN                 ; Untyped                                                  ;
; ENABLE_ECC                         ; FALSE                           ; Untyped                                                  ;
; ECC_PIPELINE_STAGE_ENABLED         ; FALSE                           ; Untyped                                                  ;
; WIDTH_ECCSTATUS                    ; 3                               ; Signed Integer                                           ;
; DEVICE_FAMILY                      ; Cyclone V                       ; Untyped                                                  ;
; CBXI_PARAMETER                     ; altsyncram_ss34                 ; Untyped                                                  ;
+------------------------------------+---------------------------------+----------------------------------------------------------+
Note: In order to hide this table in the UI and the text report file, please set the "Show Parameter Settings in Synthesis Report" option in "Analysis and Synthesis Settings -> More Settings" to "Off".


+---------------------------------------------------------------------------------------------------------------------------------+
; Parameter Settings for User Entity Instance: Shameem_03_23_22_DataMemory:Shameem_03_23_22_DataB|altsyncram:altsyncram_component ;
+------------------------------------+---------------------------------+----------------------------------------------------------+
; Parameter Name                     ; Value                           ; Type                                                     ;
+------------------------------------+---------------------------------+----------------------------------------------------------+
; BYTE_SIZE_BLOCK                    ; 8                               ; Untyped                                                  ;
; AUTO_CARRY_CHAINS                  ; ON                              ; AUTO_CARRY                                               ;
; IGNORE_CARRY_BUFFERS               ; OFF                             ; IGNORE_CARRY                                             ;
; AUTO_CASCADE_CHAINS                ; ON                              ; AUTO_CASCADE                                             ;
; IGNORE_CASCADE_BUFFERS             ; OFF                             ; IGNORE_CASCADE                                           ;
; WIDTH_BYTEENA                      ; 1                               ; Untyped                                                  ;
; OPERATION_MODE                     ; SINGLE_PORT                     ; Untyped                                                  ;
; WIDTH_A                            ; 32                              ; Signed Integer                                           ;
; WIDTHAD_A                          ; 4                               ; Signed Integer                                           ;
; NUMWORDS_A                         ; 16                              ; Signed Integer                                           ;
; OUTDATA_REG_A                      ; UNREGISTERED                    ; Untyped                                                  ;
; ADDRESS_ACLR_A                     ; NONE                            ; Untyped                                                  ;
; OUTDATA_ACLR_A                     ; NONE                            ; Untyped                                                  ;
; WRCONTROL_ACLR_A                   ; NONE                            ; Untyped                                                  ;
; INDATA_ACLR_A                      ; NONE                            ; Untyped                                                  ;
; BYTEENA_ACLR_A                     ; NONE                            ; Untyped                                                  ;
; WIDTH_B                            ; 1                               ; Signed Integer                                           ;
; WIDTHAD_B                          ; 1                               ; Signed Integer                                           ;
; NUMWORDS_B                         ; 0                               ; Signed Integer                                           ;
; INDATA_REG_B                       ; CLOCK1                          ; Untyped                                                  ;
; WRCONTROL_WRADDRESS_REG_B          ; CLOCK1                          ; Untyped                                                  ;
; RDCONTROL_REG_B                    ; CLOCK1                          ; Untyped                                                  ;
; ADDRESS_REG_B                      ; CLOCK1                          ; Untyped                                                  ;
; OUTDATA_REG_B                      ; UNREGISTERED                    ; Untyped                                                  ;
; BYTEENA_REG_B                      ; CLOCK1                          ; Untyped                                                  ;
; INDATA_ACLR_B                      ; NONE                            ; Untyped                                                  ;
; WRCONTROL_ACLR_B                   ; NONE                            ; Untyped                                                  ;
; ADDRESS_ACLR_B                     ; NONE                            ; Untyped                                                  ;
; OUTDATA_ACLR_B                     ; NONE                            ; Untyped                                                  ;
; RDCONTROL_ACLR_B                   ; NONE                            ; Untyped                                                  ;
; BYTEENA_ACLR_B                     ; NONE                            ; Untyped                                                  ;
; WIDTH_BYTEENA_A                    ; 1                               ; Signed Integer                                           ;
; WIDTH_BYTEENA_B                    ; 1                               ; Signed Integer                                           ;
; RAM_BLOCK_TYPE                     ; M10K                            ; Untyped                                                  ;
; BYTE_SIZE                          ; 8                               ; Signed Integer                                           ;
; READ_DURING_WRITE_MODE_MIXED_PORTS ; DONT_CARE                       ; Untyped                                                  ;
; READ_DURING_WRITE_MODE_PORT_A      ; NEW_DATA_NO_NBE_READ            ; Untyped                                                  ;
; READ_DURING_WRITE_MODE_PORT_B      ; NEW_DATA_NO_NBE_READ            ; Untyped                                                  ;
; INIT_FILE                          ; Shameem_03_23_22_DataMemory.mif ; Untyped                                                  ;
; INIT_FILE_LAYOUT                   ; PORT_A                          ; Untyped                                                  ;
; MAXIMUM_DEPTH                      ; 0                               ; Signed Integer                                           ;
; CLOCK_ENABLE_INPUT_A               ; BYPASS                          ; Untyped                                                  ;
; CLOCK_ENABLE_INPUT_B               ; NORMAL                          ; Untyped                                                  ;
; CLOCK_ENABLE_OUTPUT_A              ; BYPASS                          ; Untyped                                                  ;
; CLOCK_ENABLE_OUTPUT_B              ; NORMAL                          ; Untyped                                                  ;
; CLOCK_ENABLE_CORE_A                ; USE_INPUT_CLKEN                 ; Untyped                                                  ;
; CLOCK_ENABLE_CORE_B                ; USE_INPUT_CLKEN                 ; Untyped                                                  ;
; ENABLE_ECC                         ; FALSE                           ; Untyped                                                  ;
; ECC_PIPELINE_STAGE_ENABLED         ; FALSE                           ; Untyped                                                  ;
; WIDTH_ECCSTATUS                    ; 3                               ; Signed Integer                                           ;
; DEVICE_FAMILY                      ; Cyclone V                       ; Untyped                                                  ;
; CBXI_PARAMETER                     ; altsyncram_ss34                 ; Untyped                                                  ;
+------------------------------------+---------------------------------+----------------------------------------------------------+
Note: In order to hide this table in the UI and the text report file, please set the "Show Parameter Settings in Synthesis Report" option in "Analysis and Synthesis Settings -> More Settings" to "Off".


+---------------------------------------------------------------------------------------------------------------------------------+
; Parameter Settings for User Entity Instance: Shameem_03_23_22_LPMAddSub:Shameem_03_23_22_Math|lpm_add_sub:LPM_ADD_SUB_component ;
+------------------------+-------------+------------------------------------------------------------------------------------------+
; Parameter Name         ; Value       ; Type                                                                                     ;
+------------------------+-------------+------------------------------------------------------------------------------------------+
; LPM_WIDTH              ; 32          ; Signed Integer                                                                           ;
; LPM_REPRESENTATION     ; SIGNED      ; Untyped                                                                                  ;
; LPM_DIRECTION          ; DEFAULT     ; Untyped                                                                                  ;
; ONE_INPUT_IS_CONSTANT  ; NO          ; Untyped                                                                                  ;
; LPM_PIPELINE           ; 0           ; Untyped                                                                                  ;
; MAXIMIZE_SPEED         ; 5           ; Untyped                                                                                  ;
; REGISTERED_AT_END      ; 0           ; Untyped                                                                                  ;
; OPTIMIZE_FOR_SPEED     ; 5           ; Untyped                                                                                  ;
; USE_CS_BUFFERS         ; 1           ; Untyped                                                                                  ;
; CARRY_CHAIN            ; MANUAL      ; Untyped                                                                                  ;
; CARRY_CHAIN_LENGTH     ; 48          ; CARRY_CHAIN_LENGTH                                                                       ;
; DEVICE_FAMILY          ; Cyclone V   ; Untyped                                                                                  ;
; USE_WYS                ; OFF         ; Untyped                                                                                  ;
; STYLE                  ; FAST        ; Untyped                                                                                  ;
; CBXI_PARAMETER         ; add_sub_d6h ; Untyped                                                                                  ;
; AUTO_CARRY_CHAINS      ; ON          ; AUTO_CARRY                                                                               ;
; IGNORE_CARRY_BUFFERS   ; OFF         ; IGNORE_CARRY                                                                             ;
; AUTO_CASCADE_CHAINS    ; ON          ; AUTO_CASCADE                                                                             ;
; IGNORE_CASCADE_BUFFERS ; OFF         ; IGNORE_CASCADE                                                                           ;
+------------------------+-------------+------------------------------------------------------------------------------------------+
Note: In order to hide this table in the UI and the text report file, please set the "Show Parameter Settings in Synthesis Report" option in "Analysis and Synthesis Settings -> More Settings" to "Off".


+--------------------------------------------------------------------------------------------------------------------------------+
; altsyncram Parameter Settings by Entity Instance                                                                               ;
+-------------------------------------------+------------------------------------------------------------------------------------+
; Name                                      ; Value                                                                              ;
+-------------------------------------------+------------------------------------------------------------------------------------+
; Number of entity instances                ; 2                                                                                  ;
; Entity Instance                           ; Shameem_03_23_22_DataMemory:Shameem_03_23_22_DataA|altsyncram:altsyncram_component ;
;     -- OPERATION_MODE                     ; SINGLE_PORT                                                                        ;
;     -- WIDTH_A                            ; 32                                                                                 ;
;     -- NUMWORDS_A                         ; 16                                                                                 ;
;     -- OUTDATA_REG_A                      ; UNREGISTERED                                                                       ;
;     -- WIDTH_B                            ; 1                                                                                  ;
;     -- NUMWORDS_B                         ; 0                                                                                  ;
;     -- ADDRESS_REG_B                      ; CLOCK1                                                                             ;
;     -- OUTDATA_REG_B                      ; UNREGISTERED                                                                       ;
;     -- RAM_BLOCK_TYPE                     ; M10K                                                                               ;
;     -- READ_DURING_WRITE_MODE_MIXED_PORTS ; DONT_CARE                                                                          ;
; Entity Instance                           ; Shameem_03_23_22_DataMemory:Shameem_03_23_22_DataB|altsyncram:altsyncram_component ;
;     -- OPERATION_MODE                     ; SINGLE_PORT                                                                        ;
;     -- WIDTH_A                            ; 32                                                                                 ;
;     -- NUMWORDS_A                         ; 16                                                                                 ;
;     -- OUTDATA_REG_A                      ; UNREGISTERED                                                                       ;
;     -- WIDTH_B                            ; 1                                                                                  ;
;     -- NUMWORDS_B                         ; 0                                                                                  ;
;     -- ADDRESS_REG_B                      ; CLOCK1                                                                             ;
;     -- OUTDATA_REG_B                      ; UNREGISTERED                                                                       ;
;     -- RAM_BLOCK_TYPE                     ; M10K                                                                               ;
;     -- READ_DURING_WRITE_MODE_MIXED_PORTS ; DONT_CARE                                                                          ;
+-------------------------------------------+------------------------------------------------------------------------------------+


+--------------------------------------------------------------------------------+
; Port Connectivity Checks: "Shameem_03_23_22_DataMemory:Shameem_03_23_22_DataB" ;
+-----------------------+-------+----------+-------------------------------------+
; Port                  ; Type  ; Severity ; Details                             ;
+-----------------------+-------+----------+-------------------------------------+
; shameem_03_23_22_data ; Input ; Info     ; Stuck at GND                        ;
; shameem_03_23_22_wren ; Input ; Info     ; Stuck at GND                        ;
+-----------------------+-------+----------+-------------------------------------+


+--------------------------------------------------------------------------------+
; Port Connectivity Checks: "Shameem_03_23_22_DataMemory:Shameem_03_23_22_DataA" ;
+-----------------------+-------+----------+-------------------------------------+
; Port                  ; Type  ; Severity ; Details                             ;
+-----------------------+-------+----------+-------------------------------------+
; shameem_03_23_22_data ; Input ; Info     ; Stuck at GND                        ;
; shameem_03_23_22_wren ; Input ; Info     ; Stuck at GND                        ;
+-----------------------+-------+----------+-------------------------------------+


+-----------------------------------------------------+
; Post-Synthesis Netlist Statistics for Top Partition ;
+-----------------------+-----------------------------+
; Type                  ; Count                       ;
+-----------------------+-----------------------------+
; arriav_lcell_comb     ; 42                          ;
;     arith             ; 33                          ;
;         1 data inputs ; 1                           ;
;         3 data inputs ; 32                          ;
;     normal            ; 9                           ;
;         0 data inputs ; 1                           ;
;         2 data inputs ; 1                           ;
;         4 data inputs ; 1                           ;
;         6 data inputs ; 6                           ;
; boundary_port         ; 45                          ;
; stratixv_ram_block    ; 64                          ;
;                       ;                             ;
; Max LUT depth         ; 5.80                        ;
; Average LUT depth     ; 4.53                        ;
+-----------------------+-----------------------------+


+-------------------------------+
; Elapsed Time Per Partition    ;
+----------------+--------------+
; Partition Name ; Elapsed Time ;
+----------------+--------------+
; Top            ; 00:00:00     ;
+----------------+--------------+


+-------------------------------+
; Analysis & Synthesis Messages ;
+-------------------------------+
Info: *******************************************************************
Info: Running Quartus Prime Analysis & Synthesis
    Info: Version 20.1.1 Build 720 11/11/2020 SJ Lite Edition
    Info: Processing started: Tue Mar 22 16:08:30 2022
Info: Command: quartus_map --read_settings_files=on --write_settings_files=off Shameem_03_23_22_LPMAddSubCircuit -c Shameem_03_23_22_LPMAddSub
Warning (18236): Number of processors has not been specified which may cause overloading on shared machines.  Set the global assignment NUM_PARALLEL_PROCESSORS in your QSF to an appropriate value for best performance.
Info (20030): Parallel compilation is enabled and will use 8 of the 8 processors detected
Info (12021): Found 2 design units, including 1 entities, in source file shameem_03_23_22_datamemory.vhd
    Info (12022): Found design unit 1: shameem_03_23_22_datamemory-SYN File: C:/Users/azwad/Documents/CS_343/Labs/Midterm Lab/Assignment 2/Shameem_03_23_22_LPMAddSubCircuit/Shameem_03_23_22_DataMemory.vhd Line: 55
    Info (12023): Found entity 1: Shameem_03_23_22_DataMemory File: C:/Users/azwad/Documents/CS_343/Labs/Midterm Lab/Assignment 2/Shameem_03_23_22_LPMAddSubCircuit/Shameem_03_23_22_DataMemory.vhd Line: 43
Info (12021): Found 2 design units, including 1 entities, in source file shameem_03_23_22_lpmaddsub.vhd
    Info (12022): Found design unit 1: shameem_03_23_22_lpmaddsub-SYN File: C:/Users/azwad/Documents/CS_343/Labs/Midterm Lab/Assignment 2/Shameem_03_23_22_LPMAddSubCircuit/Shameem_03_23_22_LPMAddSub.vhd Line: 55
    Info (12023): Found entity 1: Shameem_03_23_22_LPMAddSub File: C:/Users/azwad/Documents/CS_343/Labs/Midterm Lab/Assignment 2/Shameem_03_23_22_LPMAddSubCircuit/Shameem_03_23_22_LPMAddSub.vhd Line: 43
Info (12021): Found 2 design units, including 1 entities, in source file shameem_03_23_22_lpmaddsubcircuit.vhd
    Info (12022): Found design unit 1: Shameem_03_23_22_LPMAddSubCircuit-arch File: C:/Users/azwad/Documents/CS_343/Labs/Midterm Lab/Assignment 2/Shameem_03_23_22_LPMAddSubCircuit/Shameem_03_23_22_LPMAddSubCircuit.vhd Line: 14
    Info (12023): Found entity 1: Shameem_03_23_22_LPMAddSubCircuit File: C:/Users/azwad/Documents/CS_343/Labs/Midterm Lab/Assignment 2/Shameem_03_23_22_LPMAddSubCircuit/Shameem_03_23_22_LPMAddSubCircuit.vhd Line: 4
Info (12127): Elaborating entity "Shameem_03_23_22_LPMAddSubCircuit" for the top level hierarchy
Warning (10540): VHDL Signal Declaration warning at Shameem_03_23_22_LPMAddSubCircuit.vhd(16): used explicit default value for signal "Shameem_03_23_22_wr" because signal was never assigned a value File: C:/Users/azwad/Documents/CS_343/Labs/Midterm Lab/Assignment 2/Shameem_03_23_22_LPMAddSubCircuit/Shameem_03_23_22_LPMAddSubCircuit.vhd Line: 16
Info (12128): Elaborating entity "Shameem_03_23_22_DataMemory" for hierarchy "Shameem_03_23_22_DataMemory:Shameem_03_23_22_DataA" File: C:/Users/azwad/Documents/CS_343/Labs/Midterm Lab/Assignment 2/Shameem_03_23_22_LPMAddSubCircuit/Shameem_03_23_22_LPMAddSubCircuit.vhd Line: 38
Info (12128): Elaborating entity "altsyncram" for hierarchy "Shameem_03_23_22_DataMemory:Shameem_03_23_22_DataA|altsyncram:altsyncram_component" File: C:/Users/azwad/Documents/CS_343/Labs/Midterm Lab/Assignment 2/Shameem_03_23_22_LPMAddSubCircuit/Shameem_03_23_22_DataMemory.vhd Line: 62
Info (12130): Elaborated megafunction instantiation "Shameem_03_23_22_DataMemory:Shameem_03_23_22_DataA|altsyncram:altsyncram_component" File: C:/Users/azwad/Documents/CS_343/Labs/Midterm Lab/Assignment 2/Shameem_03_23_22_LPMAddSubCircuit/Shameem_03_23_22_DataMemory.vhd Line: 62
Info (12133): Instantiated megafunction "Shameem_03_23_22_DataMemory:Shameem_03_23_22_DataA|altsyncram:altsyncram_component" with the following parameter: File: C:/Users/azwad/Documents/CS_343/Labs/Midterm Lab/Assignment 2/Shameem_03_23_22_LPMAddSubCircuit/Shameem_03_23_22_DataMemory.vhd Line: 62
    Info (12134): Parameter "address_aclr_a" = "UNUSED"
    Info (12134): Parameter "address_aclr_b" = "NONE"
    Info (12134): Parameter "address_reg_b" = "CLOCK1"
    Info (12134): Parameter "byte_size" = "8"
    Info (12134): Parameter "byteena_aclr_a" = "UNUSED"
    Info (12134): Parameter "byteena_aclr_b" = "NONE"
    Info (12134): Parameter "byteena_reg_b" = "CLOCK1"
    Info (12134): Parameter "clock_enable_core_a" = "USE_INPUT_CLKEN"
    Info (12134): Parameter "clock_enable_core_b" = "USE_INPUT_CLKEN"
    Info (12134): Parameter "clock_enable_input_a" = "BYPASS"
    Info (12134): Parameter "clock_enable_input_b" = "NORMAL"
    Info (12134): Parameter "clock_enable_output_a" = "BYPASS"
    Info (12134): Parameter "clock_enable_output_b" = "NORMAL"
    Info (12134): Parameter "intended_device_family" = "Cyclone V"
    Info (12134): Parameter "ecc_pipeline_stage_enabled" = "FALSE"
    Info (12134): Parameter "enable_ecc" = "FALSE"
    Info (12134): Parameter "implement_in_les" = "OFF"
    Info (12134): Parameter "indata_aclr_a" = "UNUSED"
    Info (12134): Parameter "indata_aclr_b" = "NONE"
    Info (12134): Parameter "indata_reg_b" = "CLOCK1"
    Info (12134): Parameter "init_file" = "Shameem_03_23_22_DataMemory.mif"
    Info (12134): Parameter "init_file_layout" = "PORT_A"
    Info (12134): Parameter "maximum_depth" = "0"
    Info (12134): Parameter "numwords_a" = "16"
    Info (12134): Parameter "numwords_b" = "0"
    Info (12134): Parameter "operation_mode" = "SINGLE_PORT"
    Info (12134): Parameter "outdata_aclr_a" = "NONE"
    Info (12134): Parameter "outdata_aclr_b" = "NONE"
    Info (12134): Parameter "outdata_reg_a" = "UNREGISTERED"
    Info (12134): Parameter "outdata_reg_b" = "UNREGISTERED"
    Info (12134): Parameter "power_up_uninitialized" = "FALSE"
    Info (12134): Parameter "ram_block_type" = "M10K"
    Info (12134): Parameter "rdcontrol_aclr_b" = "NONE"
    Info (12134): Parameter "rdcontrol_reg_b" = "CLOCK1"
    Info (12134): Parameter "read_during_write_mode_mixed_ports" = "DONT_CARE"
    Info (12134): Parameter "read_during_write_mode_port_a" = "NEW_DATA_NO_NBE_READ"
    Info (12134): Parameter "read_during_write_mode_port_b" = "NEW_DATA_NO_NBE_READ"
    Info (12134): Parameter "stratixiv_m144k_allow_dual_clocks" = "ON"
    Info (12134): Parameter "width_a" = "32"
    Info (12134): Parameter "width_b" = "1"
    Info (12134): Parameter "width_byteena_a" = "1"
    Info (12134): Parameter "width_byteena_b" = "1"
    Info (12134): Parameter "width_eccstatus" = "3"
    Info (12134): Parameter "widthad_a" = "4"
    Info (12134): Parameter "widthad_b" = "1"
    Info (12134): Parameter "wrcontrol_aclr_a" = "UNUSED"
    Info (12134): Parameter "wrcontrol_aclr_b" = "NONE"
    Info (12134): Parameter "wrcontrol_wraddress_reg_b" = "CLOCK1"
    Info (12134): Parameter "lpm_hint" = "ENABLE_RUNTIME_MOD=NO"
    Info (12134): Parameter "lpm_type" = "altsyncram"
Info (12021): Found 1 design units, including 1 entities, in source file db/altsyncram_ss34.tdf
    Info (12023): Found entity 1: altsyncram_ss34 File: C:/Users/azwad/Documents/CS_343/Labs/Midterm Lab/Assignment 2/Shameem_03_23_22_LPMAddSubCircuit/db/altsyncram_ss34.tdf Line: 28
Info (12128): Elaborating entity "altsyncram_ss34" for hierarchy "Shameem_03_23_22_DataMemory:Shameem_03_23_22_DataA|altsyncram:altsyncram_component|altsyncram_ss34:auto_generated" File: c:/users/azwad/documents/fpga/quartus/libraries/megafunctions/altsyncram.tdf Line: 792
Info (12128): Elaborating entity "Shameem_03_23_22_LPMAddSub" for hierarchy "Shameem_03_23_22_LPMAddSub:Shameem_03_23_22_Math" File: C:/Users/azwad/Documents/CS_343/Labs/Midterm Lab/Assignment 2/Shameem_03_23_22_LPMAddSubCircuit/Shameem_03_23_22_LPMAddSubCircuit.vhd Line: 44
Info (12128): Elaborating entity "lpm_add_sub" for hierarchy "Shameem_03_23_22_LPMAddSub:Shameem_03_23_22_Math|lpm_add_sub:LPM_ADD_SUB_component" File: C:/Users/azwad/Documents/CS_343/Labs/Midterm Lab/Assignment 2/Shameem_03_23_22_LPMAddSubCircuit/Shameem_03_23_22_LPMAddSub.vhd Line: 83
Info (12130): Elaborated megafunction instantiation "Shameem_03_23_22_LPMAddSub:Shameem_03_23_22_Math|lpm_add_sub:LPM_ADD_SUB_component" File: C:/Users/azwad/Documents/CS_343/Labs/Midterm Lab/Assignment 2/Shameem_03_23_22_LPMAddSubCircuit/Shameem_03_23_22_LPMAddSub.vhd Line: 83
Info (12133): Instantiated megafunction "Shameem_03_23_22_LPMAddSub:Shameem_03_23_22_Math|lpm_add_sub:LPM_ADD_SUB_component" with the following parameter: File: C:/Users/azwad/Documents/CS_343/Labs/Midterm Lab/Assignment 2/Shameem_03_23_22_LPMAddSubCircuit/Shameem_03_23_22_LPMAddSub.vhd Line: 83
    Info (12134): Parameter "lpm_direction" = "UNUSED"
    Info (12134): Parameter "lpm_hint" = "ONE_INPUT_IS_CONSTANT=NO,CIN_USED=NO"
    Info (12134): Parameter "lpm_representation" = "SIGNED"
    Info (12134): Parameter "lpm_type" = "LPM_ADD_SUB"
    Info (12134): Parameter "lpm_width" = "32"
Info (12021): Found 1 design units, including 1 entities, in source file db/add_sub_d6h.tdf
    Info (12023): Found entity 1: add_sub_d6h File: C:/Users/azwad/Documents/CS_343/Labs/Midterm Lab/Assignment 2/Shameem_03_23_22_LPMAddSubCircuit/db/add_sub_d6h.tdf Line: 26
Info (12128): Elaborating entity "add_sub_d6h" for hierarchy "Shameem_03_23_22_LPMAddSub:Shameem_03_23_22_Math|lpm_add_sub:LPM_ADD_SUB_component|add_sub_d6h:auto_generated" File: c:/users/azwad/documents/fpga/quartus/libraries/megafunctions/lpm_add_sub.tdf Line: 119
Info (286030): Timing-Driven Synthesis is running
Info (16010): Generating hard_block partition "hard_block:auto_generated_inst"
    Info (16011): Adding 0 node(s), including 0 DDIO, 0 PLL, 0 transceiver and 0 LCELL
Info (21057): Implemented 151 device resources after synthesis - the final resource count might be different
    Info (21058): Implemented 10 input pins
    Info (21059): Implemented 35 output pins
    Info (21061): Implemented 42 logic cells
    Info (21064): Implemented 64 RAM segments
Info: Quartus Prime Analysis & Synthesis was successful. 0 errors, 2 warnings
    Info: Peak virtual memory: 4872 megabytes
    Info: Processing ended: Tue Mar 22 16:08:37 2022
    Info: Elapsed time: 00:00:07
    Info: Total CPU time (on all processors): 00:00:20


