Flow report for Shameem_03132022_D_FlipFlop_As_Symbol_VHDL
Fri Mar 11 16:49:22 2022
Quartus Prime Version 20.1.1 Build 720 11/11/2020 SJ Lite Edition


---------------------
; Table of Contents ;
---------------------
  1. Legal Notice
  2. Flow Summary
  3. Flow Settings
  4. Flow Non-Default Global Settings
  5. Flow Elapsed Time
  6. Flow OS Summary
  7. Flow Log
  8. Flow Messages
  9. Flow Suppressed Messages



----------------
; Legal Notice ;
----------------
Copyright (C) 2020  Intel Corporation. All rights reserved.
Your use of Intel Corporation's design tools, logic functions 
and other software and tools, and any partner logic 
functions, and any output files from any of the foregoing 
(including device programming or simulation files), and any 
associated documentation or information are expressly subject 
to the terms and conditions of the Intel Program License 
Subscription Agreement, the Intel Quartus Prime License Agreement,
the Intel FPGA IP License Agreement, or other applicable license
agreement, including, without limitation, that your use is for
the sole purpose of programming logic devices manufactured by
Intel and sold by Intel or its authorized distributors.  Please
refer to the applicable agreement for further details, at
https://fpgasoftware.intel.com/eula.



+-------------------------------------------------------------------------------+
; Flow Summary                                                                  ;
+---------------------------------+---------------------------------------------+
; Flow Status                     ; Successful - Fri Mar 11 16:49:18 2022       ;
; Quartus Prime Version           ; 20.1.1 Build 720 11/11/2020 SJ Lite Edition ;
; Revision Name                   ; Shameem_03132022_D_FlipFlop_As_Symbol_VHDL  ;
; Top-level Entity Name           ; Shameem_03132022_D_FlipFlop_As_Symbol_VHDL  ;
; Family                          ; Cyclone V                                   ;
; Device                          ; 5CSEMA5F31C6                                ;
; Timing Models                   ; Final                                       ;
; Logic utilization (in ALMs)     ; 3 / 32,070 ( < 1 % )                        ;
; Total registers                 ; 1                                           ;
; Total pins                      ; 5 / 457 ( 1 % )                             ;
; Total virtual pins              ; 0                                           ;
; Total block memory bits         ; 0 / 4,065,280 ( 0 % )                       ;
; Total DSP Blocks                ; 0 / 87 ( 0 % )                              ;
; Total HSSI RX PCSs              ; 0                                           ;
; Total HSSI PMA RX Deserializers ; 0                                           ;
; Total HSSI TX PCSs              ; 0                                           ;
; Total HSSI PMA TX Serializers   ; 0                                           ;
; Total PLLs                      ; 0 / 6 ( 0 % )                               ;
; Total DLLs                      ; 0 / 4 ( 0 % )                               ;
+---------------------------------+---------------------------------------------+


+----------------------------------------------------------------+
; Flow Settings                                                  ;
+-------------------+--------------------------------------------+
; Option            ; Setting                                    ;
+-------------------+--------------------------------------------+
; Start date & time ; 03/11/2022 16:48:43                        ;
; Main task         ; Compilation                                ;
; Revision Name     ; Shameem_03132022_D_FlipFlop_As_Symbol_VHDL ;
+-------------------+--------------------------------------------+


+-------------------------------------------------------------------------------------------------------------------------+
; Flow Non-Default Global Settings                                                                                        ;
+-------------------------------------+----------------------------------------+---------------+-------------+------------+
; Assignment Name                     ; Value                                  ; Default Value ; Entity Name ; Section Id ;
+-------------------------------------+----------------------------------------+---------------+-------------+------------+
; COMPILER_SIGNATURE_ID               ; 53447166807106.164703532305952         ; --            ; --          ; --         ;
; MAX_CORE_JUNCTION_TEMP              ; 85                                     ; --            ; --          ; --         ;
; MIN_CORE_JUNCTION_TEMP              ; 0                                      ; --            ; --          ; --         ;
; PARTITION_COLOR                     ; -- (Not supported for targeted family) ; --            ; --          ; Top        ;
; PARTITION_FITTER_PRESERVATION_LEVEL ; -- (Not supported for targeted family) ; --            ; --          ; Top        ;
; PARTITION_NETLIST_TYPE              ; -- (Not supported for targeted family) ; --            ; --          ; Top        ;
; PROJECT_OUTPUT_DIRECTORY            ; output_files                           ; --            ; --          ; --         ;
+-------------------------------------+----------------------------------------+---------------+-------------+------------+


+--------------------------------------------------------------------------------------------------------------------------+
; Flow Elapsed Time                                                                                                        ;
+----------------------+--------------+-------------------------+---------------------+------------------------------------+
; Module Name          ; Elapsed Time ; Average Processors Used ; Peak Virtual Memory ; Total CPU Time (on all processors) ;
+----------------------+--------------+-------------------------+---------------------+------------------------------------+
; Analysis & Synthesis ; 00:00:05     ; 1.0                     ; 4835 MB             ; 00:00:16                           ;
; Fitter               ; 00:00:24     ; 1.0                     ; 6894 MB             ; 00:01:13                           ;
; Assembler            ; 00:00:04     ; 1.0                     ; 4835 MB             ; 00:00:05                           ;
; Timing Analyzer      ; 00:00:03     ; 1.0                     ; 5155 MB             ; 00:00:03                           ;
; Total                ; 00:00:36     ; --                      ; --                  ; 00:01:37                           ;
+----------------------+--------------+-------------------------+---------------------+------------------------------------+


+------------------------------------------------------------------------------------+
; Flow OS Summary                                                                    ;
+----------------------+------------------+------------+------------+----------------+
; Module Name          ; Machine Hostname ; OS Name    ; OS Version ; Processor type ;
+----------------------+------------------+------------+------------+----------------+
; Analysis & Synthesis ; Desktop          ; Windows 10 ; 10.0       ; x86_64         ;
; Fitter               ; Desktop          ; Windows 10 ; 10.0       ; x86_64         ;
; Assembler            ; Desktop          ; Windows 10 ; 10.0       ; x86_64         ;
; Timing Analyzer      ; Desktop          ; Windows 10 ; 10.0       ; x86_64         ;
+----------------------+------------------+------------+------------+----------------+


------------
; Flow Log ;
------------
quartus_map --read_settings_files=on --write_settings_files=off Shameem_03132022_D_FlipFlop_As_Symbol_VHDL -c Shameem_03132022_D_FlipFlop_As_Symbol_VHDL
quartus_fit --read_settings_files=off --write_settings_files=off Shameem_03132022_D_FlipFlop_As_Symbol_VHDL -c Shameem_03132022_D_FlipFlop_As_Symbol_VHDL
quartus_asm --read_settings_files=off --write_settings_files=off Shameem_03132022_D_FlipFlop_As_Symbol_VHDL -c Shameem_03132022_D_FlipFlop_As_Symbol_VHDL
quartus_sta Shameem_03132022_D_FlipFlop_As_Symbol_VHDL -c Shameem_03132022_D_FlipFlop_As_Symbol_VHDL



