Analysis & Synthesis report for Shameem_03_23_22_InstructionMemory
Mon Mar 21 21:40:52 2022
Quartus Prime Version 20.1.1 Build 720 11/11/2020 SJ Lite Edition


---------------------
; Table of Contents ;
---------------------
  1. Legal Notice
  2. Analysis & Synthesis Summary
  3. Analysis & Synthesis Settings
  4. Parallel Compilation
  5. Analysis & Synthesis Source Files Read
  6. Analysis & Synthesis Resource Usage Summary
  7. Analysis & Synthesis Resource Utilization by Entity
  8. Analysis & Synthesis RAM Summary
  9. Analysis & Synthesis IP Cores Summary
 10. General Register Statistics
 11. Source assignments for altsyncram:altsyncram_component|altsyncram_3m44:auto_generated
 12. Parameter Settings for User Entity Instance: altsyncram:altsyncram_component
 13. altsyncram Parameter Settings by Entity Instance
 14. Post-Synthesis Netlist Statistics for Top Partition
 15. Elapsed Time Per Partition
 16. Analysis & Synthesis Messages



----------------
; Legal Notice ;
----------------
Copyright (C) 2020  Intel Corporation. All rights reserved.
Your use of Intel Corporation's design tools, logic functions 
and other software and tools, and any partner logic 
functions, and any output files from any of the foregoing 
(including device programming or simulation files), and any 
associated documentation or information are expressly subject 
to the terms and conditions of the Intel Program License 
Subscription Agreement, the Intel Quartus Prime License Agreement,
the Intel FPGA IP License Agreement, or other applicable license
agreement, including, without limitation, that your use is for
the sole purpose of programming logic devices manufactured by
Intel and sold by Intel or its authorized distributors.  Please
refer to the applicable agreement for further details, at
https://fpgasoftware.intel.com/eula.



+-------------------------------------------------------------------------------+
; Analysis & Synthesis Summary                                                  ;
+---------------------------------+---------------------------------------------+
; Analysis & Synthesis Status     ; Successful - Mon Mar 21 21:40:52 2022       ;
; Quartus Prime Version           ; 20.1.1 Build 720 11/11/2020 SJ Lite Edition ;
; Revision Name                   ; Shameem_03_23_22_InstructionMemory          ;
; Top-level Entity Name           ; Shameem_03_23_22_InstructionMemory          ;
; Family                          ; Cyclone V                                   ;
; Logic utilization (in ALMs)     ; N/A                                         ;
; Total registers                 ; 0                                           ;
; Total pins                      ; 71                                          ;
; Total virtual pins              ; 0                                           ;
; Total block memory bits         ; 1,024                                       ;
; Total DSP Blocks                ; 0                                           ;
; Total HSSI RX PCSs              ; 0                                           ;
; Total HSSI PMA RX Deserializers ; 0                                           ;
; Total HSSI TX PCSs              ; 0                                           ;
; Total HSSI PMA TX Serializers   ; 0                                           ;
; Total PLLs                      ; 0                                           ;
; Total DLLs                      ; 0                                           ;
+---------------------------------+---------------------------------------------+


+-----------------------------------------------------------------------------------------------------------------------------------------------------------+
; Analysis & Synthesis Settings                                                                                                                             ;
+---------------------------------------------------------------------------------+------------------------------------+------------------------------------+
; Option                                                                          ; Setting                            ; Default Value                      ;
+---------------------------------------------------------------------------------+------------------------------------+------------------------------------+
; Device                                                                          ; 5CGXFC7C7F23C8                     ;                                    ;
; Top-level entity name                                                           ; Shameem_03_23_22_InstructionMemory ; Shameem_03_23_22_InstructionMemory ;
; Family name                                                                     ; Cyclone V                          ; Cyclone V                          ;
; Use smart compilation                                                           ; Off                                ; Off                                ;
; Enable parallel Assembler and Timing Analyzer during compilation                ; On                                 ; On                                 ;
; Enable compact report table                                                     ; Off                                ; Off                                ;
; Restructure Multiplexers                                                        ; Auto                               ; Auto                               ;
; MLAB Add Timing Constraints For Mixed-Port Feed-Through Mode Setting Don't Care ; Off                                ; Off                                ;
; Create Debugging Nodes for IP Cores                                             ; Off                                ; Off                                ;
; Preserve fewer node names                                                       ; On                                 ; On                                 ;
; Intel FPGA IP Evaluation Mode                                                   ; Enable                             ; Enable                             ;
; Verilog Version                                                                 ; Verilog_2001                       ; Verilog_2001                       ;
; VHDL Version                                                                    ; VHDL_1993                          ; VHDL_1993                          ;
; State Machine Processing                                                        ; Auto                               ; Auto                               ;
; Safe State Machine                                                              ; Off                                ; Off                                ;
; Extract Verilog State Machines                                                  ; On                                 ; On                                 ;
; Extract VHDL State Machines                                                     ; On                                 ; On                                 ;
; Ignore Verilog initial constructs                                               ; Off                                ; Off                                ;
; Iteration limit for constant Verilog loops                                      ; 5000                               ; 5000                               ;
; Iteration limit for non-constant Verilog loops                                  ; 250                                ; 250                                ;
; Add Pass-Through Logic to Inferred RAMs                                         ; On                                 ; On                                 ;
; Infer RAMs from Raw Logic                                                       ; On                                 ; On                                 ;
; Parallel Synthesis                                                              ; On                                 ; On                                 ;
; DSP Block Balancing                                                             ; Auto                               ; Auto                               ;
; NOT Gate Push-Back                                                              ; On                                 ; On                                 ;
; Power-Up Don't Care                                                             ; On                                 ; On                                 ;
; Remove Redundant Logic Cells                                                    ; Off                                ; Off                                ;
; Remove Duplicate Registers                                                      ; On                                 ; On                                 ;
; Ignore CARRY Buffers                                                            ; Off                                ; Off                                ;
; Ignore CASCADE Buffers                                                          ; Off                                ; Off                                ;
; Ignore GLOBAL Buffers                                                           ; Off                                ; Off                                ;
; Ignore ROW GLOBAL Buffers                                                       ; Off                                ; Off                                ;
; Ignore LCELL Buffers                                                            ; Off                                ; Off                                ;
; Ignore SOFT Buffers                                                             ; On                                 ; On                                 ;
; Limit AHDL Integers to 32 Bits                                                  ; Off                                ; Off                                ;
; Optimization Technique                                                          ; Balanced                           ; Balanced                           ;
; Carry Chain Length                                                              ; 70                                 ; 70                                 ;
; Auto Carry Chains                                                               ; On                                 ; On                                 ;
; Auto Open-Drain Pins                                                            ; On                                 ; On                                 ;
; Perform WYSIWYG Primitive Resynthesis                                           ; Off                                ; Off                                ;
; Auto ROM Replacement                                                            ; On                                 ; On                                 ;
; Auto RAM Replacement                                                            ; On                                 ; On                                 ;
; Auto DSP Block Replacement                                                      ; On                                 ; On                                 ;
; Auto Shift Register Replacement                                                 ; Auto                               ; Auto                               ;
; Allow Shift Register Merging across Hierarchies                                 ; Auto                               ; Auto                               ;
; Auto Clock Enable Replacement                                                   ; On                                 ; On                                 ;
; Strict RAM Replacement                                                          ; Off                                ; Off                                ;
; Allow Synchronous Control Signals                                               ; On                                 ; On                                 ;
; Force Use of Synchronous Clear Signals                                          ; Off                                ; Off                                ;
; Auto Resource Sharing                                                           ; Off                                ; Off                                ;
; Allow Any RAM Size For Recognition                                              ; Off                                ; Off                                ;
; Allow Any ROM Size For Recognition                                              ; Off                                ; Off                                ;
; Allow Any Shift Register Size For Recognition                                   ; Off                                ; Off                                ;
; Use LogicLock Constraints during Resource Balancing                             ; On                                 ; On                                 ;
; Ignore translate_off and synthesis_off directives                               ; Off                                ; Off                                ;
; Timing-Driven Synthesis                                                         ; On                                 ; On                                 ;
; Report Parameter Settings                                                       ; On                                 ; On                                 ;
; Report Source Assignments                                                       ; On                                 ; On                                 ;
; Report Connectivity Checks                                                      ; On                                 ; On                                 ;
; Ignore Maximum Fan-Out Assignments                                              ; Off                                ; Off                                ;
; Synchronization Register Chain Length                                           ; 3                                  ; 3                                  ;
; Power Optimization During Synthesis                                             ; Normal compilation                 ; Normal compilation                 ;
; HDL message level                                                               ; Level2                             ; Level2                             ;
; Suppress Register Optimization Related Messages                                 ; Off                                ; Off                                ;
; Number of Removed Registers Reported in Synthesis Report                        ; 5000                               ; 5000                               ;
; Number of Swept Nodes Reported in Synthesis Report                              ; 5000                               ; 5000                               ;
; Number of Inverted Registers Reported in Synthesis Report                       ; 100                                ; 100                                ;
; Clock MUX Protection                                                            ; On                                 ; On                                 ;
; Auto Gated Clock Conversion                                                     ; Off                                ; Off                                ;
; Block Design Naming                                                             ; Auto                               ; Auto                               ;
; SDC constraint protection                                                       ; Off                                ; Off                                ;
; Synthesis Effort                                                                ; Auto                               ; Auto                               ;
; Shift Register Replacement - Allow Asynchronous Clear Signal                    ; On                                 ; On                                 ;
; Pre-Mapping Resynthesis Optimization                                            ; Off                                ; Off                                ;
; Analysis & Synthesis Message Level                                              ; Medium                             ; Medium                             ;
; Disable Register Merging Across Hierarchies                                     ; Auto                               ; Auto                               ;
; Resource Aware Inference For Block RAM                                          ; On                                 ; On                                 ;
; Automatic Parallel Synthesis                                                    ; On                                 ; On                                 ;
; Partial Reconfiguration Bitstream ID                                            ; Off                                ; Off                                ;
+---------------------------------------------------------------------------------+------------------------------------+------------------------------------+


+------------------------------------------+
; Parallel Compilation                     ;
+----------------------------+-------------+
; Processors                 ; Number      ;
+----------------------------+-------------+
; Number detected on machine ; 16          ;
; Maximum allowed            ; 8           ;
;                            ;             ;
; Average used               ; 1.00        ;
; Maximum used               ; 1           ;
;                            ;             ;
; Usage by Processor         ; % Time Used ;
;     Processor 1            ; 100.0%      ;
+----------------------------+-------------+


+-------------------------------------------------------------------------------------------------------------------------------------------------------------------------------------------------------------------------------------------------------+
; Analysis & Synthesis Source Files Read                                                                                                                                                                                                                ;
+----------------------------------------+-----------------+----------------------------------------+-----------------------------------------------------------------------------------------------------------------------------------------+---------+
; File Name with User-Entered Path       ; Used in Netlist ; File Type                              ; File Name with Absolute Path                                                                                                            ; Library ;
+----------------------------------------+-----------------+----------------------------------------+-----------------------------------------------------------------------------------------------------------------------------------------+---------+
; Shameem_03_23_22_InstructionMemory.vhd ; yes             ; User Wizard-Generated File             ; C:/Users/azwad/Documents/CS_343/Labs/Midterm Lab/Assignment 1/Shameem_03_23_22_InstructionMemory/Shameem_03_23_22_InstructionMemory.vhd ;         ;
; altsyncram.tdf                         ; yes             ; Megafunction                           ; c:/users/azwad/documents/fpga/quartus/libraries/megafunctions/altsyncram.tdf                                                            ;         ;
; stratix_ram_block.inc                  ; yes             ; Megafunction                           ; c:/users/azwad/documents/fpga/quartus/libraries/megafunctions/stratix_ram_block.inc                                                     ;         ;
; lpm_mux.inc                            ; yes             ; Megafunction                           ; c:/users/azwad/documents/fpga/quartus/libraries/megafunctions/lpm_mux.inc                                                               ;         ;
; lpm_decode.inc                         ; yes             ; Megafunction                           ; c:/users/azwad/documents/fpga/quartus/libraries/megafunctions/lpm_decode.inc                                                            ;         ;
; aglobal201.inc                         ; yes             ; Megafunction                           ; c:/users/azwad/documents/fpga/quartus/libraries/megafunctions/aglobal201.inc                                                            ;         ;
; a_rdenreg.inc                          ; yes             ; Megafunction                           ; c:/users/azwad/documents/fpga/quartus/libraries/megafunctions/a_rdenreg.inc                                                             ;         ;
; altrom.inc                             ; yes             ; Megafunction                           ; c:/users/azwad/documents/fpga/quartus/libraries/megafunctions/altrom.inc                                                                ;         ;
; altram.inc                             ; yes             ; Megafunction                           ; c:/users/azwad/documents/fpga/quartus/libraries/megafunctions/altram.inc                                                                ;         ;
; altdpram.inc                           ; yes             ; Megafunction                           ; c:/users/azwad/documents/fpga/quartus/libraries/megafunctions/altdpram.inc                                                              ;         ;
; db/altsyncram_3m44.tdf                 ; yes             ; Auto-Generated Megafunction            ; C:/Users/azwad/Documents/CS_343/Labs/Midterm Lab/Assignment 1/Shameem_03_23_22_InstructionMemory/db/altsyncram_3m44.tdf                 ;         ;
; shameem_03_23_22_instructionmemory.mif ; yes             ; Auto-Found Memory Initialization File  ; C:/Users/azwad/Documents/CS_343/Labs/Midterm Lab/Assignment 1/Shameem_03_23_22_InstructionMemory/shameem_03_23_22_instructionmemory.mif ;         ;
+----------------------------------------+-----------------+----------------------------------------+-----------------------------------------------------------------------------------------------------------------------------------------+---------+


+---------------------------------------------------------------------------+
; Analysis & Synthesis Resource Usage Summary                               ;
+---------------------------------------------+-----------------------------+
; Resource                                    ; Usage                       ;
+---------------------------------------------+-----------------------------+
; Estimate of Logic utilization (ALMs needed) ; 0                           ;
;                                             ;                             ;
; Combinational ALUT usage for logic          ; 0                           ;
;     -- 7 input functions                    ; 0                           ;
;     -- 6 input functions                    ; 0                           ;
;     -- 5 input functions                    ; 0                           ;
;     -- 4 input functions                    ; 0                           ;
;     -- <=3 input functions                  ; 0                           ;
;                                             ;                             ;
; Dedicated logic registers                   ; 0                           ;
;                                             ;                             ;
; I/O pins                                    ; 71                          ;
; Total MLAB memory bits                      ; 0                           ;
; Total block memory bits                     ; 1024                        ;
;                                             ;                             ;
; Total DSP Blocks                            ; 0                           ;
;                                             ;                             ;
; Maximum fan-out node                        ; Shameem_03_23_22_wren~input ;
; Maximum fan-out                             ; 32                          ;
; Total fan-out                               ; 359                         ;
; Average fan-out                             ; 2.06                        ;
+---------------------------------------------+-----------------------------+


+----------------------------------------------------------------------------------------------------------------------------------------------------------------------------------------------------------------------------------------------------------------------------------------------------------+
; Analysis & Synthesis Resource Utilization by Entity                                                                                                                                                                                                                                                      ;
+----------------------------------------+---------------------+---------------------------+-------------------+------------+------+--------------+----------------------------------------------------------------------------------------------------+------------------------------------+--------------+
; Compilation Hierarchy Node             ; Combinational ALUTs ; Dedicated Logic Registers ; Block Memory Bits ; DSP Blocks ; Pins ; Virtual Pins ; Full Hierarchy Name                                                                                ; Entity Name                        ; Library Name ;
+----------------------------------------+---------------------+---------------------------+-------------------+------------+------+--------------+----------------------------------------------------------------------------------------------------+------------------------------------+--------------+
; |Shameem_03_23_22_InstructionMemory    ; 0 (0)               ; 0 (0)                     ; 1024              ; 0          ; 71   ; 0            ; |Shameem_03_23_22_InstructionMemory                                                                ; Shameem_03_23_22_InstructionMemory ; work         ;
;    |altsyncram:altsyncram_component|   ; 0 (0)               ; 0 (0)                     ; 1024              ; 0          ; 0    ; 0            ; |Shameem_03_23_22_InstructionMemory|altsyncram:altsyncram_component                                ; altsyncram                         ; work         ;
;       |altsyncram_3m44:auto_generated| ; 0 (0)               ; 0 (0)                     ; 1024              ; 0          ; 0    ; 0            ; |Shameem_03_23_22_InstructionMemory|altsyncram:altsyncram_component|altsyncram_3m44:auto_generated ; altsyncram_3m44                    ; work         ;
+----------------------------------------+---------------------+---------------------------+-------------------+------------+------+--------------+----------------------------------------------------------------------------------------------------+------------------------------------+--------------+
Note: For table entries with two numbers listed, the numbers in parentheses indicate the number of resources of the given type used by the specific entity alone. The numbers listed outside of parentheses indicate the total resources of the given type used by the specific entity and all of its sub-entities in the hierarchy.


+------------------------------------------------------------------------------------------------------------------------------------------------------------------------------------------------------------------+
; Analysis & Synthesis RAM Summary                                                                                                                                                                                 ;
+---------------------------------------------------------------------------+------------+-------------+--------------+--------------+--------------+--------------+------+----------------------------------------+
; Name                                                                      ; Type       ; Mode        ; Port A Depth ; Port A Width ; Port B Depth ; Port B Width ; Size ; MIF                                    ;
+---------------------------------------------------------------------------+------------+-------------+--------------+--------------+--------------+--------------+------+----------------------------------------+
; altsyncram:altsyncram_component|altsyncram_3m44:auto_generated|ALTSYNCRAM ; M10K block ; Single Port ; 32           ; 32           ; --           ; --           ; 1024 ; Shameem_03_23_22_InstructionMemory.mif ;
+---------------------------------------------------------------------------+------------+-------------+--------------+--------------+--------------+--------------+------+----------------------------------------+


+----------------------------------------------------------------------------------------------------------------------------------------------+
; Analysis & Synthesis IP Cores Summary                                                                                                        ;
+--------+--------------+---------+--------------+--------------+-------------------------------------+----------------------------------------+
; Vendor ; IP Core Name ; Version ; Release Date ; License Type ; Entity Instance                     ; IP Include File                        ;
+--------+--------------+---------+--------------+--------------+-------------------------------------+----------------------------------------+
; Altera ; RAM: 1-PORT  ; 20.1    ; N/A          ; N/A          ; |Shameem_03_23_22_InstructionMemory ; Shameem_03_23_22_InstructionMemory.vhd ;
+--------+--------------+---------+--------------+--------------+-------------------------------------+----------------------------------------+


+------------------------------------------------------+
; General Register Statistics                          ;
+----------------------------------------------+-------+
; Statistic                                    ; Value ;
+----------------------------------------------+-------+
; Total registers                              ; 0     ;
; Number of registers using Synchronous Clear  ; 0     ;
; Number of registers using Synchronous Load   ; 0     ;
; Number of registers using Asynchronous Clear ; 0     ;
; Number of registers using Asynchronous Load  ; 0     ;
; Number of registers using Clock Enable       ; 0     ;
; Number of registers using Preset             ; 0     ;
+----------------------------------------------+-------+


+---------------------------------------------------------------------------------------+
; Source assignments for altsyncram:altsyncram_component|altsyncram_3m44:auto_generated ;
+---------------------------------+--------------------+------+-------------------------+
; Assignment                      ; Value              ; From ; To                      ;
+---------------------------------+--------------------+------+-------------------------+
; OPTIMIZE_POWER_DURING_SYNTHESIS ; NORMAL_COMPILATION ; -    ; -                       ;
+---------------------------------+--------------------+------+-------------------------+


+----------------------------------------------------------------------------------------------+
; Parameter Settings for User Entity Instance: altsyncram:altsyncram_component                 ;
+------------------------------------+----------------------------------------+----------------+
; Parameter Name                     ; Value                                  ; Type           ;
+------------------------------------+----------------------------------------+----------------+
; BYTE_SIZE_BLOCK                    ; 8                                      ; Untyped        ;
; AUTO_CARRY_CHAINS                  ; ON                                     ; AUTO_CARRY     ;
; IGNORE_CARRY_BUFFERS               ; OFF                                    ; IGNORE_CARRY   ;
; AUTO_CASCADE_CHAINS                ; ON                                     ; AUTO_CASCADE   ;
; IGNORE_CASCADE_BUFFERS             ; OFF                                    ; IGNORE_CASCADE ;
; WIDTH_BYTEENA                      ; 1                                      ; Untyped        ;
; OPERATION_MODE                     ; SINGLE_PORT                            ; Untyped        ;
; WIDTH_A                            ; 32                                     ; Signed Integer ;
; WIDTHAD_A                          ; 5                                      ; Signed Integer ;
; NUMWORDS_A                         ; 32                                     ; Signed Integer ;
; OUTDATA_REG_A                      ; UNREGISTERED                           ; Untyped        ;
; ADDRESS_ACLR_A                     ; NONE                                   ; Untyped        ;
; OUTDATA_ACLR_A                     ; NONE                                   ; Untyped        ;
; WRCONTROL_ACLR_A                   ; NONE                                   ; Untyped        ;
; INDATA_ACLR_A                      ; NONE                                   ; Untyped        ;
; BYTEENA_ACLR_A                     ; NONE                                   ; Untyped        ;
; WIDTH_B                            ; 1                                      ; Signed Integer ;
; WIDTHAD_B                          ; 1                                      ; Signed Integer ;
; NUMWORDS_B                         ; 0                                      ; Signed Integer ;
; INDATA_REG_B                       ; CLOCK1                                 ; Untyped        ;
; WRCONTROL_WRADDRESS_REG_B          ; CLOCK1                                 ; Untyped        ;
; RDCONTROL_REG_B                    ; CLOCK1                                 ; Untyped        ;
; ADDRESS_REG_B                      ; CLOCK1                                 ; Untyped        ;
; OUTDATA_REG_B                      ; UNREGISTERED                           ; Untyped        ;
; BYTEENA_REG_B                      ; CLOCK1                                 ; Untyped        ;
; INDATA_ACLR_B                      ; NONE                                   ; Untyped        ;
; WRCONTROL_ACLR_B                   ; NONE                                   ; Untyped        ;
; ADDRESS_ACLR_B                     ; NONE                                   ; Untyped        ;
; OUTDATA_ACLR_B                     ; NONE                                   ; Untyped        ;
; RDCONTROL_ACLR_B                   ; NONE                                   ; Untyped        ;
; BYTEENA_ACLR_B                     ; NONE                                   ; Untyped        ;
; WIDTH_BYTEENA_A                    ; 1                                      ; Signed Integer ;
; WIDTH_BYTEENA_B                    ; 1                                      ; Signed Integer ;
; RAM_BLOCK_TYPE                     ; M10K                                   ; Untyped        ;
; BYTE_SIZE                          ; 8                                      ; Signed Integer ;
; READ_DURING_WRITE_MODE_MIXED_PORTS ; DONT_CARE                              ; Untyped        ;
; READ_DURING_WRITE_MODE_PORT_A      ; NEW_DATA_NO_NBE_READ                   ; Untyped        ;
; READ_DURING_WRITE_MODE_PORT_B      ; NEW_DATA_NO_NBE_READ                   ; Untyped        ;
; INIT_FILE                          ; Shameem_03_23_22_InstructionMemory.mif ; Untyped        ;
; INIT_FILE_LAYOUT                   ; PORT_A                                 ; Untyped        ;
; MAXIMUM_DEPTH                      ; 0                                      ; Signed Integer ;
; CLOCK_ENABLE_INPUT_A               ; BYPASS                                 ; Untyped        ;
; CLOCK_ENABLE_INPUT_B               ; NORMAL                                 ; Untyped        ;
; CLOCK_ENABLE_OUTPUT_A              ; BYPASS                                 ; Untyped        ;
; CLOCK_ENABLE_OUTPUT_B              ; NORMAL                                 ; Untyped        ;
; CLOCK_ENABLE_CORE_A                ; USE_INPUT_CLKEN                        ; Untyped        ;
; CLOCK_ENABLE_CORE_B                ; USE_INPUT_CLKEN                        ; Untyped        ;
; ENABLE_ECC                         ; FALSE                                  ; Untyped        ;
; ECC_PIPELINE_STAGE_ENABLED         ; FALSE                                  ; Untyped        ;
; WIDTH_ECCSTATUS                    ; 3                                      ; Signed Integer ;
; DEVICE_FAMILY                      ; Cyclone V                              ; Untyped        ;
; CBXI_PARAMETER                     ; altsyncram_3m44                        ; Untyped        ;
+------------------------------------+----------------------------------------+----------------+
Note: In order to hide this table in the UI and the text report file, please set the "Show Parameter Settings in Synthesis Report" option in "Analysis and Synthesis Settings -> More Settings" to "Off".


+-----------------------------------------------------------------------------+
; altsyncram Parameter Settings by Entity Instance                            ;
+-------------------------------------------+---------------------------------+
; Name                                      ; Value                           ;
+-------------------------------------------+---------------------------------+
; Number of entity instances                ; 1                               ;
; Entity Instance                           ; altsyncram:altsyncram_component ;
;     -- OPERATION_MODE                     ; SINGLE_PORT                     ;
;     -- WIDTH_A                            ; 32                              ;
;     -- NUMWORDS_A                         ; 32                              ;
;     -- OUTDATA_REG_A                      ; UNREGISTERED                    ;
;     -- WIDTH_B                            ; 1                               ;
;     -- NUMWORDS_B                         ; 0                               ;
;     -- ADDRESS_REG_B                      ; CLOCK1                          ;
;     -- OUTDATA_REG_B                      ; UNREGISTERED                    ;
;     -- RAM_BLOCK_TYPE                     ; M10K                            ;
;     -- READ_DURING_WRITE_MODE_MIXED_PORTS ; DONT_CARE                       ;
+-------------------------------------------+---------------------------------+


+-----------------------------------------------------+
; Post-Synthesis Netlist Statistics for Top Partition ;
+--------------------+--------------------------------+
; Type               ; Count                          ;
+--------------------+--------------------------------+
; boundary_port      ; 71                             ;
; stratixv_ram_block ; 32                             ;
;                    ;                                ;
; Max LUT depth      ; 0.00                           ;
; Average LUT depth  ; 0.00                           ;
+--------------------+--------------------------------+


+-------------------------------+
; Elapsed Time Per Partition    ;
+----------------+--------------+
; Partition Name ; Elapsed Time ;
+----------------+--------------+
; Top            ; 00:00:00     ;
+----------------+--------------+


+-------------------------------+
; Analysis & Synthesis Messages ;
+-------------------------------+
Info: *******************************************************************
Info: Running Quartus Prime Analysis & Synthesis
    Info: Version 20.1.1 Build 720 11/11/2020 SJ Lite Edition
    Info: Processing started: Mon Mar 21 21:40:45 2022
Info: Command: quartus_map --read_settings_files=on --write_settings_files=off Shameem_03_23_22_InstructionMemory -c Shameem_03_23_22_InstructionMemory
Warning (18236): Number of processors has not been specified which may cause overloading on shared machines.  Set the global assignment NUM_PARALLEL_PROCESSORS in your QSF to an appropriate value for best performance.
Info (20030): Parallel compilation is enabled and will use 8 of the 8 processors detected
Info (12021): Found 2 design units, including 1 entities, in source file shameem_03_23_22_instructionmemory.vhd
    Info (12022): Found design unit 1: shameem_03_23_22_instructionmemory-SYN File: C:/Users/azwad/Documents/CS_343/Labs/Midterm Lab/Assignment 1/Shameem_03_23_22_InstructionMemory/Shameem_03_23_22_InstructionMemory.vhd Line: 55
    Info (12023): Found entity 1: Shameem_03_23_22_InstructionMemory File: C:/Users/azwad/Documents/CS_343/Labs/Midterm Lab/Assignment 1/Shameem_03_23_22_InstructionMemory/Shameem_03_23_22_InstructionMemory.vhd Line: 43
Info (12127): Elaborating entity "Shameem_03_23_22_InstructionMemory" for the top level hierarchy
Info (12128): Elaborating entity "altsyncram" for hierarchy "altsyncram:altsyncram_component" File: C:/Users/azwad/Documents/CS_343/Labs/Midterm Lab/Assignment 1/Shameem_03_23_22_InstructionMemory/Shameem_03_23_22_InstructionMemory.vhd Line: 62
Info (12130): Elaborated megafunction instantiation "altsyncram:altsyncram_component" File: C:/Users/azwad/Documents/CS_343/Labs/Midterm Lab/Assignment 1/Shameem_03_23_22_InstructionMemory/Shameem_03_23_22_InstructionMemory.vhd Line: 62
Info (12133): Instantiated megafunction "altsyncram:altsyncram_component" with the following parameter: File: C:/Users/azwad/Documents/CS_343/Labs/Midterm Lab/Assignment 1/Shameem_03_23_22_InstructionMemory/Shameem_03_23_22_InstructionMemory.vhd Line: 62
    Info (12134): Parameter "address_aclr_a" = "UNUSED"
    Info (12134): Parameter "address_aclr_b" = "NONE"
    Info (12134): Parameter "address_reg_b" = "CLOCK1"
    Info (12134): Parameter "byte_size" = "8"
    Info (12134): Parameter "byteena_aclr_a" = "UNUSED"
    Info (12134): Parameter "byteena_aclr_b" = "NONE"
    Info (12134): Parameter "byteena_reg_b" = "CLOCK1"
    Info (12134): Parameter "clock_enable_core_a" = "USE_INPUT_CLKEN"
    Info (12134): Parameter "clock_enable_core_b" = "USE_INPUT_CLKEN"
    Info (12134): Parameter "clock_enable_input_a" = "BYPASS"
    Info (12134): Parameter "clock_enable_input_b" = "NORMAL"
    Info (12134): Parameter "clock_enable_output_a" = "BYPASS"
    Info (12134): Parameter "clock_enable_output_b" = "NORMAL"
    Info (12134): Parameter "intended_device_family" = "Cyclone V"
    Info (12134): Parameter "ecc_pipeline_stage_enabled" = "FALSE"
    Info (12134): Parameter "enable_ecc" = "FALSE"
    Info (12134): Parameter "implement_in_les" = "OFF"
    Info (12134): Parameter "indata_aclr_a" = "UNUSED"
    Info (12134): Parameter "indata_aclr_b" = "NONE"
    Info (12134): Parameter "indata_reg_b" = "CLOCK1"
    Info (12134): Parameter "init_file" = "Shameem_03_23_22_InstructionMemory.mif"
    Info (12134): Parameter "init_file_layout" = "PORT_A"
    Info (12134): Parameter "maximum_depth" = "0"
    Info (12134): Parameter "numwords_a" = "32"
    Info (12134): Parameter "numwords_b" = "0"
    Info (12134): Parameter "operation_mode" = "SINGLE_PORT"
    Info (12134): Parameter "outdata_aclr_a" = "NONE"
    Info (12134): Parameter "outdata_aclr_b" = "NONE"
    Info (12134): Parameter "outdata_reg_a" = "UNREGISTERED"
    Info (12134): Parameter "outdata_reg_b" = "UNREGISTERED"
    Info (12134): Parameter "power_up_uninitialized" = "FALSE"
    Info (12134): Parameter "ram_block_type" = "M10K"
    Info (12134): Parameter "rdcontrol_aclr_b" = "NONE"
    Info (12134): Parameter "rdcontrol_reg_b" = "CLOCK1"
    Info (12134): Parameter "read_during_write_mode_mixed_ports" = "DONT_CARE"
    Info (12134): Parameter "read_during_write_mode_port_a" = "NEW_DATA_NO_NBE_READ"
    Info (12134): Parameter "read_during_write_mode_port_b" = "NEW_DATA_NO_NBE_READ"
    Info (12134): Parameter "stratixiv_m144k_allow_dual_clocks" = "ON"
    Info (12134): Parameter "width_a" = "32"
    Info (12134): Parameter "width_b" = "1"
    Info (12134): Parameter "width_byteena_a" = "1"
    Info (12134): Parameter "width_byteena_b" = "1"
    Info (12134): Parameter "width_eccstatus" = "3"
    Info (12134): Parameter "widthad_a" = "5"
    Info (12134): Parameter "widthad_b" = "1"
    Info (12134): Parameter "wrcontrol_aclr_a" = "UNUSED"
    Info (12134): Parameter "wrcontrol_aclr_b" = "NONE"
    Info (12134): Parameter "wrcontrol_wraddress_reg_b" = "CLOCK1"
    Info (12134): Parameter "lpm_hint" = "ENABLE_RUNTIME_MOD=NO"
    Info (12134): Parameter "lpm_type" = "altsyncram"
Info (12021): Found 1 design units, including 1 entities, in source file db/altsyncram_3m44.tdf
    Info (12023): Found entity 1: altsyncram_3m44 File: C:/Users/azwad/Documents/CS_343/Labs/Midterm Lab/Assignment 1/Shameem_03_23_22_InstructionMemory/db/altsyncram_3m44.tdf Line: 28
Info (12128): Elaborating entity "altsyncram_3m44" for hierarchy "altsyncram:altsyncram_component|altsyncram_3m44:auto_generated" File: c:/users/azwad/documents/fpga/quartus/libraries/megafunctions/altsyncram.tdf Line: 792
Info (16010): Generating hard_block partition "hard_block:auto_generated_inst"
    Info (16011): Adding 0 node(s), including 0 DDIO, 0 PLL, 0 transceiver and 0 LCELL
Info (21057): Implemented 103 device resources after synthesis - the final resource count might be different
    Info (21058): Implemented 39 input pins
    Info (21059): Implemented 32 output pins
    Info (21064): Implemented 32 RAM segments
Info: Quartus Prime Analysis & Synthesis was successful. 0 errors, 1 warning
    Info: Peak virtual memory: 4856 megabytes
    Info: Processing ended: Mon Mar 21 21:40:52 2022
    Info: Elapsed time: 00:00:07
    Info: Total CPU time (on all processors): 00:00:21


