Analysis & Synthesis report for Shameem_03_06_22_NBitLPMAddSub
Wed Mar 09 13:38:38 2022
Quartus Prime Version 20.1.1 Build 720 11/11/2020 SJ Lite Edition


---------------------
; Table of Contents ;
---------------------
  1. Legal Notice
  2. Analysis & Synthesis Summary
  3. Analysis & Synthesis Settings
  4. Parallel Compilation
  5. Analysis & Synthesis Source Files Read
  6. Analysis & Synthesis Resource Usage Summary
  7. Analysis & Synthesis Resource Utilization by Entity
  8. General Register Statistics
  9. Parameter Settings for User Entity Instance: Top-level Entity: |Shameem_03_06_22_NBitLPMAddSub
 10. Parameter Settings for User Entity Instance: lpm_add_sub:lpm_add_sub_component
 11. Post-Synthesis Netlist Statistics for Top Partition
 12. Elapsed Time Per Partition
 13. Analysis & Synthesis Messages



----------------
; Legal Notice ;
----------------
Copyright (C) 2020  Intel Corporation. All rights reserved.
Your use of Intel Corporation's design tools, logic functions 
and other software and tools, and any partner logic 
functions, and any output files from any of the foregoing 
(including device programming or simulation files), and any 
associated documentation or information are expressly subject 
to the terms and conditions of the Intel Program License 
Subscription Agreement, the Intel Quartus Prime License Agreement,
the Intel FPGA IP License Agreement, or other applicable license
agreement, including, without limitation, that your use is for
the sole purpose of programming logic devices manufactured by
Intel and sold by Intel or its authorized distributors.  Please
refer to the applicable agreement for further details, at
https://fpgasoftware.intel.com/eula.



+-------------------------------------------------------------------------------+
; Analysis & Synthesis Summary                                                  ;
+---------------------------------+---------------------------------------------+
; Analysis & Synthesis Status     ; Successful - Wed Mar 09 13:38:38 2022       ;
; Quartus Prime Version           ; 20.1.1 Build 720 11/11/2020 SJ Lite Edition ;
; Revision Name                   ; Shameem_03_06_22_NBitLPMAddSub              ;
; Top-level Entity Name           ; Shameem_03_06_22_NBitLPMAddSub              ;
; Family                          ; Cyclone V                                   ;
; Logic utilization (in ALMs)     ; N/A                                         ;
; Total registers                 ; 0                                           ;
; Total pins                      ; 50                                          ;
; Total virtual pins              ; 0                                           ;
; Total block memory bits         ; 0                                           ;
; Total DSP Blocks                ; 0                                           ;
; Total HSSI RX PCSs              ; 0                                           ;
; Total HSSI PMA RX Deserializers ; 0                                           ;
; Total HSSI TX PCSs              ; 0                                           ;
; Total HSSI PMA TX Serializers   ; 0                                           ;
; Total PLLs                      ; 0                                           ;
; Total DLLs                      ; 0                                           ;
+---------------------------------+---------------------------------------------+


+---------------------------------------------------------------------------------------------------------------------------------------------------+
; Analysis & Synthesis Settings                                                                                                                     ;
+---------------------------------------------------------------------------------+--------------------------------+--------------------------------+
; Option                                                                          ; Setting                        ; Default Value                  ;
+---------------------------------------------------------------------------------+--------------------------------+--------------------------------+
; Device                                                                          ; 5CSEMA5F31C6                   ;                                ;
; Top-level entity name                                                           ; Shameem_03_06_22_NBitLPMAddSub ; Shameem_03_06_22_NBitLPMAddSub ;
; Family name                                                                     ; Cyclone V                      ; Cyclone V                      ;
; Use smart compilation                                                           ; Off                            ; Off                            ;
; Enable parallel Assembler and Timing Analyzer during compilation                ; On                             ; On                             ;
; Enable compact report table                                                     ; Off                            ; Off                            ;
; Restructure Multiplexers                                                        ; Auto                           ; Auto                           ;
; MLAB Add Timing Constraints For Mixed-Port Feed-Through Mode Setting Don't Care ; Off                            ; Off                            ;
; Create Debugging Nodes for IP Cores                                             ; Off                            ; Off                            ;
; Preserve fewer node names                                                       ; On                             ; On                             ;
; Intel FPGA IP Evaluation Mode                                                   ; Enable                         ; Enable                         ;
; Verilog Version                                                                 ; Verilog_2001                   ; Verilog_2001                   ;
; VHDL Version                                                                    ; VHDL_1993                      ; VHDL_1993                      ;
; State Machine Processing                                                        ; Auto                           ; Auto                           ;
; Safe State Machine                                                              ; Off                            ; Off                            ;
; Extract Verilog State Machines                                                  ; On                             ; On                             ;
; Extract VHDL State Machines                                                     ; On                             ; On                             ;
; Ignore Verilog initial constructs                                               ; Off                            ; Off                            ;
; Iteration limit for constant Verilog loops                                      ; 5000                           ; 5000                           ;
; Iteration limit for non-constant Verilog loops                                  ; 250                            ; 250                            ;
; Add Pass-Through Logic to Inferred RAMs                                         ; On                             ; On                             ;
; Infer RAMs from Raw Logic                                                       ; On                             ; On                             ;
; Parallel Synthesis                                                              ; On                             ; On                             ;
; DSP Block Balancing                                                             ; Auto                           ; Auto                           ;
; NOT Gate Push-Back                                                              ; On                             ; On                             ;
; Power-Up Don't Care                                                             ; On                             ; On                             ;
; Remove Redundant Logic Cells                                                    ; Off                            ; Off                            ;
; Remove Duplicate Registers                                                      ; On                             ; On                             ;
; Ignore CARRY Buffers                                                            ; Off                            ; Off                            ;
; Ignore CASCADE Buffers                                                          ; Off                            ; Off                            ;
; Ignore GLOBAL Buffers                                                           ; Off                            ; Off                            ;
; Ignore ROW GLOBAL Buffers                                                       ; Off                            ; Off                            ;
; Ignore LCELL Buffers                                                            ; Off                            ; Off                            ;
; Ignore SOFT Buffers                                                             ; On                             ; On                             ;
; Limit AHDL Integers to 32 Bits                                                  ; Off                            ; Off                            ;
; Optimization Technique                                                          ; Balanced                       ; Balanced                       ;
; Carry Chain Length                                                              ; 70                             ; 70                             ;
; Auto Carry Chains                                                               ; On                             ; On                             ;
; Auto Open-Drain Pins                                                            ; On                             ; On                             ;
; Perform WYSIWYG Primitive Resynthesis                                           ; Off                            ; Off                            ;
; Auto ROM Replacement                                                            ; On                             ; On                             ;
; Auto RAM Replacement                                                            ; On                             ; On                             ;
; Auto DSP Block Replacement                                                      ; On                             ; On                             ;
; Auto Shift Register Replacement                                                 ; Auto                           ; Auto                           ;
; Allow Shift Register Merging across Hierarchies                                 ; Auto                           ; Auto                           ;
; Auto Clock Enable Replacement                                                   ; On                             ; On                             ;
; Strict RAM Replacement                                                          ; Off                            ; Off                            ;
; Allow Synchronous Control Signals                                               ; On                             ; On                             ;
; Force Use of Synchronous Clear Signals                                          ; Off                            ; Off                            ;
; Auto Resource Sharing                                                           ; Off                            ; Off                            ;
; Allow Any RAM Size For Recognition                                              ; Off                            ; Off                            ;
; Allow Any ROM Size For Recognition                                              ; Off                            ; Off                            ;
; Allow Any Shift Register Size For Recognition                                   ; Off                            ; Off                            ;
; Use LogicLock Constraints during Resource Balancing                             ; On                             ; On                             ;
; Ignore translate_off and synthesis_off directives                               ; Off                            ; Off                            ;
; Timing-Driven Synthesis                                                         ; On                             ; On                             ;
; Report Parameter Settings                                                       ; On                             ; On                             ;
; Report Source Assignments                                                       ; On                             ; On                             ;
; Report Connectivity Checks                                                      ; On                             ; On                             ;
; Ignore Maximum Fan-Out Assignments                                              ; Off                            ; Off                            ;
; Synchronization Register Chain Length                                           ; 3                              ; 3                              ;
; Power Optimization During Synthesis                                             ; Normal compilation             ; Normal compilation             ;
; HDL message level                                                               ; Level2                         ; Level2                         ;
; Suppress Register Optimization Related Messages                                 ; Off                            ; Off                            ;
; Number of Removed Registers Reported in Synthesis Report                        ; 5000                           ; 5000                           ;
; Number of Swept Nodes Reported in Synthesis Report                              ; 5000                           ; 5000                           ;
; Number of Inverted Registers Reported in Synthesis Report                       ; 100                            ; 100                            ;
; Clock MUX Protection                                                            ; On                             ; On                             ;
; Auto Gated Clock Conversion                                                     ; Off                            ; Off                            ;
; Block Design Naming                                                             ; Auto                           ; Auto                           ;
; SDC constraint protection                                                       ; Off                            ; Off                            ;
; Synthesis Effort                                                                ; Auto                           ; Auto                           ;
; Shift Register Replacement - Allow Asynchronous Clear Signal                    ; On                             ; On                             ;
; Pre-Mapping Resynthesis Optimization                                            ; Off                            ; Off                            ;
; Analysis & Synthesis Message Level                                              ; Medium                         ; Medium                         ;
; Disable Register Merging Across Hierarchies                                     ; Auto                           ; Auto                           ;
; Resource Aware Inference For Block RAM                                          ; On                             ; On                             ;
; Automatic Parallel Synthesis                                                    ; On                             ; On                             ;
; Partial Reconfiguration Bitstream ID                                            ; Off                            ; Off                            ;
+---------------------------------------------------------------------------------+--------------------------------+--------------------------------+


+------------------------------------------+
; Parallel Compilation                     ;
+----------------------------+-------------+
; Processors                 ; Number      ;
+----------------------------+-------------+
; Number detected on machine ; 16          ;
; Maximum allowed            ; 8           ;
;                            ;             ;
; Average used               ; 1.00        ;
; Maximum used               ; 1           ;
;                            ;             ;
; Usage by Processor         ; % Time Used ;
;     Processor 1            ; 100.0%      ;
+----------------------------+-------------+


+---------------------------------------------------------------------------------------------------------------------------------------------------------------------------------------------------------------------------------------+
; Analysis & Synthesis Source Files Read                                                                                                                                                                                                ;
+------------------------------------+-----------------+------------------------------+---------------------------------------------------------------------------------------------------------------------------------------+---------+
; File Name with User-Entered Path   ; Used in Netlist ; File Type                    ; File Name with Absolute Path                                                                                                          ; Library ;
+------------------------------------+-----------------+------------------------------+---------------------------------------------------------------------------------------------------------------------------------------+---------+
; shameem_03_06_22_nbitlpmaddsub.vhd ; yes             ; Auto-Found VHDL File         ; C:/Users/azwad/OneDrive/Documents/Projects/CS_343/Labs/Lab 3/Task 9/Shameem_03_06_22_NBitLPMAddSub/shameem_03_06_22_nbitlpmaddsub.vhd ;         ;
; lpm_add_sub.tdf                    ; yes             ; Megafunction                 ; c:/users/azwad/onedrive/documents/fpga/quartus/libraries/megafunctions/lpm_add_sub.tdf                                                ;         ;
; addcore.inc                        ; yes             ; Megafunction                 ; c:/users/azwad/onedrive/documents/fpga/quartus/libraries/megafunctions/addcore.inc                                                    ;         ;
; look_add.inc                       ; yes             ; Megafunction                 ; c:/users/azwad/onedrive/documents/fpga/quartus/libraries/megafunctions/look_add.inc                                                   ;         ;
; bypassff.inc                       ; yes             ; Megafunction                 ; c:/users/azwad/onedrive/documents/fpga/quartus/libraries/megafunctions/bypassff.inc                                                   ;         ;
; altshift.inc                       ; yes             ; Megafunction                 ; c:/users/azwad/onedrive/documents/fpga/quartus/libraries/megafunctions/altshift.inc                                                   ;         ;
; alt_stratix_add_sub.inc            ; yes             ; Megafunction                 ; c:/users/azwad/onedrive/documents/fpga/quartus/libraries/megafunctions/alt_stratix_add_sub.inc                                        ;         ;
; aglobal201.inc                     ; yes             ; Megafunction                 ; c:/users/azwad/onedrive/documents/fpga/quartus/libraries/megafunctions/aglobal201.inc                                                 ;         ;
; db/add_sub_pge.tdf                 ; yes             ; Auto-Generated Megafunction  ; C:/Users/azwad/OneDrive/Documents/Projects/CS_343/Labs/Lab 3/Task 9/Shameem_03_06_22_NBitLPMAddSub/db/add_sub_pge.tdf                 ;         ;
+------------------------------------+-----------------+------------------------------+---------------------------------------------------------------------------------------------------------------------------------------+---------+


+--------------------------------------------------------------------------------+
; Analysis & Synthesis Resource Usage Summary                                    ;
+---------------------------------------------+----------------------------------+
; Resource                                    ; Usage                            ;
+---------------------------------------------+----------------------------------+
; Estimate of Logic utilization (ALMs needed) ; 9                                ;
;                                             ;                                  ;
; Combinational ALUT usage for logic          ; 18                               ;
;     -- 7 input functions                    ; 0                                ;
;     -- 6 input functions                    ; 0                                ;
;     -- 5 input functions                    ; 0                                ;
;     -- 4 input functions                    ; 1                                ;
;     -- <=3 input functions                  ; 17                               ;
;                                             ;                                  ;
; Dedicated logic registers                   ; 0                                ;
;                                             ;                                  ;
; I/O pins                                    ; 50                               ;
;                                             ;                                  ;
; Total DSP Blocks                            ; 0                                ;
;                                             ;                                  ;
; Maximum fan-out node                        ; Shameem_03_06_22_Operation~input ;
; Maximum fan-out                             ; 18                               ;
; Total fan-out                               ; 136                              ;
; Average fan-out                             ; 1.15                             ;
+---------------------------------------------+----------------------------------+


+------------------------------------------------------------------------------------------------------------------------------------------------------------------------------------------------------------------------------------------------------------------------------------------------+
; Analysis & Synthesis Resource Utilization by Entity                                                                                                                                                                                                                                            ;
+----------------------------------------+---------------------+---------------------------+-------------------+------------+------+--------------+----------------------------------------------------------------------------------------------+--------------------------------+--------------+
; Compilation Hierarchy Node             ; Combinational ALUTs ; Dedicated Logic Registers ; Block Memory Bits ; DSP Blocks ; Pins ; Virtual Pins ; Full Hierarchy Name                                                                          ; Entity Name                    ; Library Name ;
+----------------------------------------+---------------------+---------------------------+-------------------+------------+------+--------------+----------------------------------------------------------------------------------------------+--------------------------------+--------------+
; |Shameem_03_06_22_NBitLPMAddSub        ; 18 (0)              ; 0 (0)                     ; 0                 ; 0          ; 50   ; 0            ; |Shameem_03_06_22_NBitLPMAddSub                                                              ; Shameem_03_06_22_NBitLPMAddSub ; work         ;
;    |lpm_add_sub:lpm_add_sub_component| ; 18 (0)              ; 0 (0)                     ; 0                 ; 0          ; 0    ; 0            ; |Shameem_03_06_22_NBitLPMAddSub|lpm_add_sub:lpm_add_sub_component                            ; lpm_add_sub                    ; work         ;
;       |add_sub_pge:auto_generated|     ; 18 (18)             ; 0 (0)                     ; 0                 ; 0          ; 0    ; 0            ; |Shameem_03_06_22_NBitLPMAddSub|lpm_add_sub:lpm_add_sub_component|add_sub_pge:auto_generated ; add_sub_pge                    ; work         ;
+----------------------------------------+---------------------+---------------------------+-------------------+------------+------+--------------+----------------------------------------------------------------------------------------------+--------------------------------+--------------+
Note: For table entries with two numbers listed, the numbers in parentheses indicate the number of resources of the given type used by the specific entity alone. The numbers listed outside of parentheses indicate the total resources of the given type used by the specific entity and all of its sub-entities in the hierarchy.


+------------------------------------------------------+
; General Register Statistics                          ;
+----------------------------------------------+-------+
; Statistic                                    ; Value ;
+----------------------------------------------+-------+
; Total registers                              ; 0     ;
; Number of registers using Synchronous Clear  ; 0     ;
; Number of registers using Synchronous Load   ; 0     ;
; Number of registers using Asynchronous Clear ; 0     ;
; Number of registers using Asynchronous Load  ; 0     ;
; Number of registers using Clock Enable       ; 0     ;
; Number of registers using Preset             ; 0     ;
+----------------------------------------------+-------+


+------------------------------------------------------------------------------------------------+
; Parameter Settings for User Entity Instance: Top-level Entity: |Shameem_03_06_22_NBitLPMAddSub ;
+----------------+-------+-----------------------------------------------------------------------+
; Parameter Name ; Value ; Type                                                                  ;
+----------------+-------+-----------------------------------------------------------------------+
; N              ; 16    ; Signed Integer                                                        ;
+----------------+-------+-----------------------------------------------------------------------+
Note: In order to hide this table in the UI and the text report file, please set the "Show Parameter Settings in Synthesis Report" option in "Analysis and Synthesis Settings -> More Settings" to "Off".


+--------------------------------------------------------------------------------+
; Parameter Settings for User Entity Instance: lpm_add_sub:lpm_add_sub_component ;
+------------------------+-------------+-----------------------------------------+
; Parameter Name         ; Value       ; Type                                    ;
+------------------------+-------------+-----------------------------------------+
; LPM_WIDTH              ; 16          ; Signed Integer                          ;
; LPM_REPRESENTATION     ; SIGNED      ; Untyped                                 ;
; LPM_DIRECTION          ; DEFAULT     ; Untyped                                 ;
; ONE_INPUT_IS_CONSTANT  ; NO          ; Untyped                                 ;
; LPM_PIPELINE           ; 0           ; Untyped                                 ;
; MAXIMIZE_SPEED         ; 5           ; Untyped                                 ;
; REGISTERED_AT_END      ; 0           ; Untyped                                 ;
; OPTIMIZE_FOR_SPEED     ; 5           ; Untyped                                 ;
; USE_CS_BUFFERS         ; 1           ; Untyped                                 ;
; CARRY_CHAIN            ; MANUAL      ; Untyped                                 ;
; CARRY_CHAIN_LENGTH     ; 48          ; CARRY_CHAIN_LENGTH                      ;
; DEVICE_FAMILY          ; Cyclone V   ; Untyped                                 ;
; USE_WYS                ; OFF         ; Untyped                                 ;
; STYLE                  ; FAST        ; Untyped                                 ;
; CBXI_PARAMETER         ; add_sub_pge ; Untyped                                 ;
; AUTO_CARRY_CHAINS      ; ON          ; AUTO_CARRY                              ;
; IGNORE_CARRY_BUFFERS   ; OFF         ; IGNORE_CARRY                            ;
; AUTO_CASCADE_CHAINS    ; ON          ; AUTO_CASCADE                            ;
; IGNORE_CASCADE_BUFFERS ; OFF         ; IGNORE_CASCADE                          ;
+------------------------+-------------+-----------------------------------------+
Note: In order to hide this table in the UI and the text report file, please set the "Show Parameter Settings in Synthesis Report" option in "Analysis and Synthesis Settings -> More Settings" to "Off".


+-----------------------------------------------------+
; Post-Synthesis Netlist Statistics for Top Partition ;
+-----------------------+-----------------------------+
; Type                  ; Count                       ;
+-----------------------+-----------------------------+
; arriav_lcell_comb     ; 18                          ;
;     arith             ; 17                          ;
;         1 data inputs ; 1                           ;
;         3 data inputs ; 16                          ;
;     normal            ; 1                           ;
;         4 data inputs ; 1                           ;
; boundary_port         ; 50                          ;
;                       ;                             ;
; Max LUT depth         ; 3.60                        ;
; Average LUT depth     ; 2.78                        ;
+-----------------------+-----------------------------+


+-------------------------------+
; Elapsed Time Per Partition    ;
+----------------+--------------+
; Partition Name ; Elapsed Time ;
+----------------+--------------+
; Top            ; 00:00:00     ;
+----------------+--------------+


+-------------------------------+
; Analysis & Synthesis Messages ;
+-------------------------------+
Info: *******************************************************************
Info: Running Quartus Prime Analysis & Synthesis
    Info: Version 20.1.1 Build 720 11/11/2020 SJ Lite Edition
    Info: Processing started: Wed Mar 09 13:38:30 2022
Info: Command: quartus_map --read_settings_files=on --write_settings_files=off Shameem_03_06_22_NBitLPMAddSub -c Shameem_03_06_22_NBitLPMAddSub
Warning (18236): Number of processors has not been specified which may cause overloading on shared machines.  Set the global assignment NUM_PARALLEL_PROCESSORS in your QSF to an appropriate value for best performance.
Info (20030): Parallel compilation is enabled and will use 8 of the 8 processors detected
Warning (12125): Using design file shameem_03_06_22_nbitlpmaddsub.vhd, which is not specified as a design file for the current project, but contains definitions for 2 design units and 1 entities in project
    Info (12022): Found design unit 1: Shameem_03_06_22_NBitLPMAddSub-arch File: C:/Users/azwad/OneDrive/Documents/Projects/CS_343/Labs/Lab 3/Task 9/Shameem_03_06_22_NBitLPMAddSub/shameem_03_06_22_nbitlpmaddsub.vhd Line: 14
    Info (12023): Found entity 1: Shameem_03_06_22_NBitLPMAddSub File: C:/Users/azwad/OneDrive/Documents/Projects/CS_343/Labs/Lab 3/Task 9/Shameem_03_06_22_NBitLPMAddSub/shameem_03_06_22_nbitlpmaddsub.vhd Line: 6
Info (12127): Elaborating entity "Shameem_03_06_22_NBitLPMAddSub" for the top level hierarchy
Info (12128): Elaborating entity "lpm_add_sub" for hierarchy "lpm_add_sub:lpm_add_sub_component" File: C:/Users/azwad/OneDrive/Documents/Projects/CS_343/Labs/Lab 3/Task 9/Shameem_03_06_22_NBitLPMAddSub/shameem_03_06_22_nbitlpmaddsub.vhd Line: 31
Info (12130): Elaborated megafunction instantiation "lpm_add_sub:lpm_add_sub_component" File: C:/Users/azwad/OneDrive/Documents/Projects/CS_343/Labs/Lab 3/Task 9/Shameem_03_06_22_NBitLPMAddSub/shameem_03_06_22_nbitlpmaddsub.vhd Line: 31
Info (12133): Instantiated megafunction "lpm_add_sub:lpm_add_sub_component" with the following parameter: File: C:/Users/azwad/OneDrive/Documents/Projects/CS_343/Labs/Lab 3/Task 9/Shameem_03_06_22_NBitLPMAddSub/shameem_03_06_22_nbitlpmaddsub.vhd Line: 31
    Info (12134): Parameter "lpm_width" = "16"
    Info (12134): Parameter "lpm_direction" = "UNUSED"
    Info (12134): Parameter "lpm_type" = "LPM_ADD_SUB"
    Info (12134): Parameter "lpm_hint" = "ONE_INPUT_IS_CONSTANT=NO,CIN_USED=NO"
Info (12021): Found 1 design units, including 1 entities, in source file db/add_sub_pge.tdf
    Info (12023): Found entity 1: add_sub_pge File: C:/Users/azwad/OneDrive/Documents/Projects/CS_343/Labs/Lab 3/Task 9/Shameem_03_06_22_NBitLPMAddSub/db/add_sub_pge.tdf Line: 26
Info (12128): Elaborating entity "add_sub_pge" for hierarchy "lpm_add_sub:lpm_add_sub_component|add_sub_pge:auto_generated" File: c:/users/azwad/onedrive/documents/fpga/quartus/libraries/megafunctions/lpm_add_sub.tdf Line: 119
Info (286030): Timing-Driven Synthesis is running
Info (16010): Generating hard_block partition "hard_block:auto_generated_inst"
    Info (16011): Adding 0 node(s), including 0 DDIO, 0 PLL, 0 transceiver and 0 LCELL
Info (21057): Implemented 68 device resources after synthesis - the final resource count might be different
    Info (21058): Implemented 33 input pins
    Info (21059): Implemented 17 output pins
    Info (21061): Implemented 18 logic cells
Info: Quartus Prime Analysis & Synthesis was successful. 0 errors, 2 warnings
    Info: Peak virtual memory: 4861 megabytes
    Info: Processing ended: Wed Mar 09 13:38:38 2022
    Info: Elapsed time: 00:00:08
    Info: Total CPU time (on all processors): 00:00:16


